<?xml version="1.0" encoding="UTF-8"?>
<testsuite xmlns:xsi="http://www.w3.org/2001/XMLSchema-instance" xsi:noNamespaceSchemaLocation="https://maven.apache.org/surefire/maven-surefire-plugin/xsd/surefire-test-report-3.0.xsd" version="3.0" name="TestSuite" time="34.266" tests="9" errors="0" skipped="4" failures="4">
  <properties>
[...]
</properties>
  <testcase name="invalid_emailAndPassword_LoginTest1[public void com.tests.LoginTest.invalid_emailAndPassword_LoginTest1(java.lang.reflect.Method)](1)" classname="com.tests.LoginTest" time="0">
    <skipped message="Element &lt;span class=&quot;hidden-xs hidden-sm hidden-md&quot;&gt; could not be scrolled into view&#10;Build info: version: &apos;4.0.0-beta-4&apos;, revision: &apos;29f46d02dd&apos;&#10;System info: host: &apos;LAPTOP-EM2ICHMI&apos;, ip: &apos;192.168.58.102&apos;, os.name: &apos;Windows 10&apos;, os.arch: &apos;amd64&apos;, os.version: &apos;10.0&apos;, java.version: &apos;1.8.0_281&apos;&#10;Driver info: org.openqa.selenium.firefox.FirefoxDriver&#10;Command: [734a3996-b1ba-463b-a660-a7d36361be7e, clickElement {id=fdd4c8f1-2760-41eb-b884-252652e3e788}]&#10;Capabilities {acceptInsecureCerts: true, browserName: firefox, browserVersion: 89.0.1, javascriptEnabled: true, moz:accessibilityChecks: false, moz:buildID: 20210614221319, moz:debuggerAddress: localhost:63699, moz:geckodriverVersion: 0.29.0, moz:headless: false, moz:processID: 6220, moz:profile: C:\Windows\Temp\rust_mozpro..., moz:shutdownTimeout: 60000, moz:useNonSpecCompliantPointerOrigin: false, moz:webdriverClick: true, pageLoadStrategy: normal, platform: WINDOWS, platformName: WINDOWS, platformVersion: 10.0, se:cdp: ws://localhost:63699/devtoo..., se:cdpVersion: 85, setWindowRect: true, strictFileInteractability: false, timeouts: {implicit: 0, pageLoad: 300000, script: 30000}, unhandledPromptBehavior: dismiss and notify}&#10;Element: [[FirefoxDriver: firefox on WINDOWS (734a3996-b1ba-463b-a660-a7d36361be7e)] -&gt; xpath: //span[contains(text(),&apos;My Account&apos;)]]&#10;Session ID: 734a3996-b1ba-463b-a660-a7d36361be7e"/>
    <system-out><![CDATA[[INFO ] 2021-07-17 15:59:00.404 [main] Log - I am in onStart method POMframeworkWithExtentReportCOPY
[INFO ] 2021-07-17 15:59:00.509 [main] Log - test is starting ....
[INFO ] 2021-07-17 15:59:11.297 [main] Log - invalid_emailAndPassword_LoginTest1 test is starting.
[INFO ] 2021-07-17 15:59:12.145 [main] Log - go to opencart home page
[INFO ] 2021-07-17 15:59:17.888 [main] Log - go to login page 
[INFO ] 2021-07-17 15:59:18.245 [main] Log - invalid_emailAndPassword_LoginTest1 test is skipped.
]]></system-out>
    <system-err><![CDATA[SLF4J: Failed to load class "org.slf4j.impl.StaticLoggerBinder".
SLF4J: Defaulting to no-operation (NOP) logger implementation
SLF4J: See http://www.slf4j.org/codes.html#StaticLoggerBinder for further details.
1626515942872	geckodriver	INFO	Listening on 127.0.0.1:45594
1626515944717	mozrunner::runner	INFO	Running command: "C:\\Program Files (x86)\\Mozilla Firefox\\firefox.exe" "--marionette" "--remote-debugging-port" "0" "-foreground" "-no-remote" "-profile" "C:\\WINDOWS\\TEMP\\rust_mozprofileCcwtFS"
1626515945738	Marionette	INFO	Marionette enabled
[GFX1-]: RcANGLE(no compositor window)
[GFX1-]: Failed to connect WebRenderBridgeChild.
[GFX1-]: Fallback WR to SW-WR
[GFX1-]: [D3D11] create swap chain failed: 0x887a0022, 0
[GFX1-]: Failed to initialize CompositorD3D11 for SWGL: FEATURE_FAILURE_D3D11_SWAP_CHAIN
console.warn: SearchSettings: "get: No settings file exists, new profile?" (new NotFoundError("Could not open the file at C:\\Windows\\Temp\\rust_mozprofileCcwtFS\\search.json.mozlz4", (void 0)))
[GFX1-]: [D3D11] create swap chain failed: 0x887a0022, 0
[GFX1-]: Failed to initialize CompositorD3D11 for SWGL: FEATURE_FAILURE_D3D11_SWAP_CHAIN
DevTools listening on ws://localhost:63699/devtools/browser/a936b6e0-8248-4c35-879d-0ecf3b7d3c7e
1626515950175	Marionette	INFO	Listening on port 50256
1626515950761	Marionette	WARN	TLS certificate errors will be ignored for this session
Jul 17, 2021 3:59:11 PM org.openqa.selenium.remote.ProtocolHandshake createSession
INFO: Detected dialect: W3C
]]></system-err>
  </testcase>
  <testcase name="invalid_emailAndPassword_LoginTest1[public void com.tests.LoginTest.invalid_emailAndPassword_LoginTest1(java.lang.reflect.Method)](2)" classname="com.tests.LoginTest" time="1.587">
    <failure message="Element &lt;span class=&quot;hidden-xs hidden-sm hidden-md&quot;&gt; could not be scrolled into view&#10;Build info: version: &apos;4.0.0-beta-4&apos;, revision: &apos;29f46d02dd&apos;&#10;System info: host: &apos;LAPTOP-EM2ICHMI&apos;, ip: &apos;192.168.58.102&apos;, os.name: &apos;Windows 10&apos;, os.arch: &apos;amd64&apos;, os.version: &apos;10.0&apos;, java.version: &apos;1.8.0_281&apos;&#10;Driver info: org.openqa.selenium.firefox.FirefoxDriver&#10;Command: [734a3996-b1ba-463b-a660-a7d36361be7e, clickElement {id=51814fc3-f4f3-41fc-8b29-7c125816dce3}]&#10;Capabilities {acceptInsecureCerts: true, browserName: firefox, browserVersion: 89.0.1, javascriptEnabled: true, moz:accessibilityChecks: false, moz:buildID: 20210614221319, moz:debuggerAddress: localhost:63699, moz:geckodriverVersion: 0.29.0, moz:headless: false, moz:processID: 6220, moz:profile: C:\Windows\Temp\rust_mozpro..., moz:shutdownTimeout: 60000, moz:useNonSpecCompliantPointerOrigin: false, moz:webdriverClick: true, pageLoadStrategy: normal, platform: WINDOWS, platformName: WINDOWS, platformVersion: 10.0, se:cdp: ws://localhost:63699/devtoo..., se:cdpVersion: 85, setWindowRect: true, strictFileInteractability: false, timeouts: {implicit: 0, pageLoad: 300000, script: 30000}, unhandledPromptBehavior: dismiss and notify}&#10;Element: [[FirefoxDriver: firefox on WINDOWS (734a3996-b1ba-463b-a660-a7d36361be7e)] -&gt; xpath: //span[contains(text(),&apos;My Account&apos;)]]&#10;Session ID: 734a3996-b1ba-463b-a660-a7d36361be7e" type="org.openqa.selenium.ElementNotInteractableException"><![CDATA[org.openqa.selenium.ElementNotInteractableException: 
Element <span class="hidden-xs hidden-sm hidden-md"> could not be scrolled into view
Build info: version: '4.0.0-beta-4', revision: '29f46d02dd'
System info: host: 'LAPTOP-EM2ICHMI', ip: '192.168.58.102', os.name: 'Windows 10', os.arch: 'amd64', os.version: '10.0', java.version: '1.8.0_281'
Driver info: org.openqa.selenium.firefox.FirefoxDriver
Command: [734a3996-b1ba-463b-a660-a7d36361be7e, clickElement {id=51814fc3-f4f3-41fc-8b29-7c125816dce3}]
Capabilities {acceptInsecureCerts: true, browserName: firefox, browserVersion: 89.0.1, javascriptEnabled: true, moz:accessibilityChecks: false, moz:buildID: 20210614221319, moz:debuggerAddress: localhost:63699, moz:geckodriverVersion: 0.29.0, moz:headless: false, moz:processID: 6220, moz:profile: C:\Windows\Temp\rust_mozpro..., moz:shutdownTimeout: 60000, moz:useNonSpecCompliantPointerOrigin: false, moz:webdriverClick: true, pageLoadStrategy: normal, platform: WINDOWS, platformName: WINDOWS, platformVersion: 10.0, se:cdp: ws://localhost:63699/devtoo..., se:cdpVersion: 85, setWindowRect: true, strictFileInteractability: false, timeouts: {implicit: 0, pageLoad: 300000, script: 30000}, unhandledPromptBehavior: dismiss and notify}
Element: [[FirefoxDriver: firefox on WINDOWS (734a3996-b1ba-463b-a660-a7d36361be7e)] -> xpath: //span[contains(text(),'My Account')]]
Session ID: 734a3996-b1ba-463b-a660-a7d36361be7e
	at com.tests.LoginTest.invalid_emailAndPassword_LoginTest1(LoginTest.java:14)
]]></failure>
    <system-out><![CDATA[[INFO ] 2021-07-17 15:59:18.253 [main] Log - invalid_emailAndPassword_LoginTest1 test is starting.
[INFO ] 2021-07-17 15:59:18.253 [main] Log - go to opencart home page
[INFO ] 2021-07-17 15:59:19.621 [main] Log - go to login page 
[INFO ] 2021-07-17 15:59:19.659 [main] Log - invalid_emailAndPassword_LoginTest1 test is failed.
]]></system-out>
  </testcase>
  <testcase name="testPrint" classname="com.tests.LoginTest" time="0.01">
    <system-out><![CDATA[[INFO ] 2021-07-17 15:59:19.846 [main] Log - testPrint test is starting.
Page Tile : Your Store
[INFO ] 2021-07-17 15:59:19.857 [main] Log - testPrint test is succeed.
]]></system-out>
  </testcase>
  <testcase name="invalid_emailAndPassword_LoginTest2[public void com.tests.LoginTest.invalid_emailAndPassword_LoginTest2(java.lang.reflect.Method)](1)" classname="com.tests.LoginTest" time="0">
    <skipped message="Element &lt;span class=&quot;hidden-xs hidden-sm hidden-md&quot;&gt; could not be scrolled into view&#10;Build info: version: &apos;4.0.0-beta-4&apos;, revision: &apos;29f46d02dd&apos;&#10;System info: host: &apos;LAPTOP-EM2ICHMI&apos;, ip: &apos;192.168.58.102&apos;, os.name: &apos;Windows 10&apos;, os.arch: &apos;amd64&apos;, os.version: &apos;10.0&apos;, java.version: &apos;1.8.0_281&apos;&#10;Driver info: org.openqa.selenium.firefox.FirefoxDriver&#10;Command: [734a3996-b1ba-463b-a660-a7d36361be7e, clickElement {id=c949e408-11a2-4df0-900a-3b6fa846ac63}]&#10;Capabilities {acceptInsecureCerts: true, browserName: firefox, browserVersion: 89.0.1, javascriptEnabled: true, moz:accessibilityChecks: false, moz:buildID: 20210614221319, moz:debuggerAddress: localhost:63699, moz:geckodriverVersion: 0.29.0, moz:headless: false, moz:processID: 6220, moz:profile: C:\Windows\Temp\rust_mozpro..., moz:shutdownTimeout: 60000, moz:useNonSpecCompliantPointerOrigin: false, moz:webdriverClick: true, pageLoadStrategy: normal, platform: WINDOWS, platformName: WINDOWS, platformVersion: 10.0, se:cdp: ws://localhost:63699/devtoo..., se:cdpVersion: 85, setWindowRect: true, strictFileInteractability: false, timeouts: {implicit: 0, pageLoad: 300000, script: 30000}, unhandledPromptBehavior: dismiss and notify}&#10;Element: [[FirefoxDriver: firefox on WINDOWS (734a3996-b1ba-463b-a660-a7d36361be7e)] -&gt; xpath: //span[contains(text(),&apos;My Account&apos;)]]&#10;Session ID: 734a3996-b1ba-463b-a660-a7d36361be7e"/>
    <system-out><![CDATA[[INFO ] 2021-07-17 15:59:19.860 [main] Log - invalid_emailAndPassword_LoginTest2 test is starting.
[INFO ] 2021-07-17 15:59:19.861 [main] Log - go to opencart home page
[INFO ] 2021-07-17 15:59:21.161 [main] Log - go to login page 
[INFO ] 2021-07-17 15:59:21.379 [main] Log - invalid_emailAndPassword_LoginTest2 test is skipped.
]]></system-out>
  </testcase>
  <testcase name="invalid_emailAndPassword_LoginTest2[public void com.tests.LoginTest.invalid_emailAndPassword_LoginTest2(java.lang.reflect.Method)](2)" classname="com.tests.LoginTest" time="1.502">
    <failure message="Element &lt;span class=&quot;hidden-xs hidden-sm hidden-md&quot;&gt; could not be scrolled into view&#10;Build info: version: &apos;4.0.0-beta-4&apos;, revision: &apos;29f46d02dd&apos;&#10;System info: host: &apos;LAPTOP-EM2ICHMI&apos;, ip: &apos;192.168.58.102&apos;, os.name: &apos;Windows 10&apos;, os.arch: &apos;amd64&apos;, os.version: &apos;10.0&apos;, java.version: &apos;1.8.0_281&apos;&#10;Driver info: org.openqa.selenium.firefox.FirefoxDriver&#10;Command: [734a3996-b1ba-463b-a660-a7d36361be7e, clickElement {id=e09d9ead-16d2-40ac-bc2e-399c005500bf}]&#10;Capabilities {acceptInsecureCerts: true, browserName: firefox, browserVersion: 89.0.1, javascriptEnabled: true, moz:accessibilityChecks: false, moz:buildID: 20210614221319, moz:debuggerAddress: localhost:63699, moz:geckodriverVersion: 0.29.0, moz:headless: false, moz:processID: 6220, moz:profile: C:\Windows\Temp\rust_mozpro..., moz:shutdownTimeout: 60000, moz:useNonSpecCompliantPointerOrigin: false, moz:webdriverClick: true, pageLoadStrategy: normal, platform: WINDOWS, platformName: WINDOWS, platformVersion: 10.0, se:cdp: ws://localhost:63699/devtoo..., se:cdpVersion: 85, setWindowRect: true, strictFileInteractability: false, timeouts: {implicit: 0, pageLoad: 300000, script: 30000}, unhandledPromptBehavior: dismiss and notify}&#10;Element: [[FirefoxDriver: firefox on WINDOWS (734a3996-b1ba-463b-a660-a7d36361be7e)] -&gt; xpath: //span[contains(text(),&apos;My Account&apos;)]]&#10;Session ID: 734a3996-b1ba-463b-a660-a7d36361be7e" type="org.openqa.selenium.ElementNotInteractableException"><![CDATA[org.openqa.selenium.ElementNotInteractableException: 
Element <span class="hidden-xs hidden-sm hidden-md"> could not be scrolled into view
Build info: version: '4.0.0-beta-4', revision: '29f46d02dd'
System info: host: 'LAPTOP-EM2ICHMI', ip: '192.168.58.102', os.name: 'Windows 10', os.arch: 'amd64', os.version: '10.0', java.version: '1.8.0_281'
Driver info: org.openqa.selenium.firefox.FirefoxDriver
Command: [734a3996-b1ba-463b-a660-a7d36361be7e, clickElement {id=e09d9ead-16d2-40ac-bc2e-399c005500bf}]
Capabilities {acceptInsecureCerts: true, browserName: firefox, browserVersion: 89.0.1, javascriptEnabled: true, moz:accessibilityChecks: false, moz:buildID: 20210614221319, moz:debuggerAddress: localhost:63699, moz:geckodriverVersion: 0.29.0, moz:headless: false, moz:processID: 6220, moz:profile: C:\Windows\Temp\rust_mozpro..., moz:shutdownTimeout: 60000, moz:useNonSpecCompliantPointerOrigin: false, moz:webdriverClick: true, pageLoadStrategy: normal, platform: WINDOWS, platformName: WINDOWS, platformVersion: 10.0, se:cdp: ws://localhost:63699/devtoo..., se:cdpVersion: 85, setWindowRect: true, strictFileInteractability: false, timeouts: {implicit: 0, pageLoad: 300000, script: 30000}, unhandledPromptBehavior: dismiss and notify}
Element: [[FirefoxDriver: firefox on WINDOWS (734a3996-b1ba-463b-a660-a7d36361be7e)] -> xpath: //span[contains(text(),'My Account')]]
Session ID: 734a3996-b1ba-463b-a660-a7d36361be7e
	at com.tests.LoginTest.invalid_emailAndPassword_LoginTest2(LoginTest.java:21)
]]></failure>
    <system-out><![CDATA[[INFO ] 2021-07-17 15:59:21.381 [main] Log - invalid_emailAndPassword_LoginTest2 test is starting.
[INFO ] 2021-07-17 15:59:21.382 [main] Log - go to opencart home page
[INFO ] 2021-07-17 15:59:22.672 [main] Log - go to login page 
[INFO ] 2021-07-17 15:59:22.708 [main] Log - invalid_emailAndPassword_LoginTest2 test is failed.
]]></system-out>
  </testcase>
  <testcase name="invalid_emailAndPassword_LoginTest3[public void com.tests.LoginTest.invalid_emailAndPassword_LoginTest3(java.lang.reflect.Method)](1)" classname="com.tests.LoginTest" time="0">
    <skipped message="Element &lt;span class=&quot;hidden-xs hidden-sm hidden-md&quot;&gt; could not be scrolled into view&#10;Build info: version: &apos;4.0.0-beta-4&apos;, revision: &apos;29f46d02dd&apos;&#10;System info: host: &apos;LAPTOP-EM2ICHMI&apos;, ip: &apos;192.168.58.102&apos;, os.name: &apos;Windows 10&apos;, os.arch: &apos;amd64&apos;, os.version: &apos;10.0&apos;, java.version: &apos;1.8.0_281&apos;&#10;Driver info: org.openqa.selenium.firefox.FirefoxDriver&#10;Command: [734a3996-b1ba-463b-a660-a7d36361be7e, clickElement {id=b6869e14-78f2-4dff-94cf-cc08a50d0648}]&#10;Capabilities {acceptInsecureCerts: true, browserName: firefox, browserVersion: 89.0.1, javascriptEnabled: true, moz:accessibilityChecks: false, moz:buildID: 20210614221319, moz:debuggerAddress: localhost:63699, moz:geckodriverVersion: 0.29.0, moz:headless: false, moz:processID: 6220, moz:profile: C:\Windows\Temp\rust_mozpro..., moz:shutdownTimeout: 60000, moz:useNonSpecCompliantPointerOrigin: false, moz:webdriverClick: true, pageLoadStrategy: normal, platform: WINDOWS, platformName: WINDOWS, platformVersion: 10.0, se:cdp: ws://localhost:63699/devtoo..., se:cdpVersion: 85, setWindowRect: true, strictFileInteractability: false, timeouts: {implicit: 0, pageLoad: 300000, script: 30000}, unhandledPromptBehavior: dismiss and notify}&#10;Element: [[FirefoxDriver: firefox on WINDOWS (734a3996-b1ba-463b-a660-a7d36361be7e)] -&gt; xpath: //span[contains(text(),&apos;My Account&apos;)]]&#10;Session ID: 734a3996-b1ba-463b-a660-a7d36361be7e"/>
    <system-out><![CDATA[[INFO ] 2021-07-17 15:59:22.885 [main] Log - invalid_emailAndPassword_LoginTest3 test is starting.
[INFO ] 2021-07-17 15:59:22.885 [main] Log - go to opencart home page
[INFO ] 2021-07-17 15:59:24.193 [main] Log - go to login page 
[INFO ] 2021-07-17 15:59:24.397 [main] Log - invalid_emailAndPassword_LoginTest3 test is skipped.
]]></system-out>
  </testcase>
  <testcase name="invalid_emailAndPassword_LoginTest3[public void com.tests.LoginTest.invalid_emailAndPassword_LoginTest3(java.lang.reflect.Method)](2)" classname="com.tests.LoginTest" time="1.456">
    <failure message="Element &lt;span class=&quot;hidden-xs hidden-sm hidden-md&quot;&gt; could not be scrolled into view&#10;Build info: version: &apos;4.0.0-beta-4&apos;, revision: &apos;29f46d02dd&apos;&#10;System info: host: &apos;LAPTOP-EM2ICHMI&apos;, ip: &apos;192.168.58.102&apos;, os.name: &apos;Windows 10&apos;, os.arch: &apos;amd64&apos;, os.version: &apos;10.0&apos;, java.version: &apos;1.8.0_281&apos;&#10;Driver info: org.openqa.selenium.firefox.FirefoxDriver&#10;Command: [734a3996-b1ba-463b-a660-a7d36361be7e, clickElement {id=def22e21-0aa2-4c89-86ba-8da6829c022c}]&#10;Capabilities {acceptInsecureCerts: true, browserName: firefox, browserVersion: 89.0.1, javascriptEnabled: true, moz:accessibilityChecks: false, moz:buildID: 20210614221319, moz:debuggerAddress: localhost:63699, moz:geckodriverVersion: 0.29.0, moz:headless: false, moz:processID: 6220, moz:profile: C:\Windows\Temp\rust_mozpro..., moz:shutdownTimeout: 60000, moz:useNonSpecCompliantPointerOrigin: false, moz:webdriverClick: true, pageLoadStrategy: normal, platform: WINDOWS, platformName: WINDOWS, platformVersion: 10.0, se:cdp: ws://localhost:63699/devtoo..., se:cdpVersion: 85, setWindowRect: true, strictFileInteractability: false, timeouts: {implicit: 0, pageLoad: 300000, script: 30000}, unhandledPromptBehavior: dismiss and notify}&#10;Element: [[FirefoxDriver: firefox on WINDOWS (734a3996-b1ba-463b-a660-a7d36361be7e)] -&gt; xpath: //span[contains(text(),&apos;My Account&apos;)]]&#10;Session ID: 734a3996-b1ba-463b-a660-a7d36361be7e" type="org.openqa.selenium.ElementNotInteractableException"><![CDATA[org.openqa.selenium.ElementNotInteractableException: 
Element <span class="hidden-xs hidden-sm hidden-md"> could not be scrolled into view
Build info: version: '4.0.0-beta-4', revision: '29f46d02dd'
System info: host: 'LAPTOP-EM2ICHMI', ip: '192.168.58.102', os.name: 'Windows 10', os.arch: 'amd64', os.version: '10.0', java.version: '1.8.0_281'
Driver info: org.openqa.selenium.firefox.FirefoxDriver
Command: [734a3996-b1ba-463b-a660-a7d36361be7e, clickElement {id=def22e21-0aa2-4c89-86ba-8da6829c022c}]
Capabilities {acceptInsecureCerts: true, browserName: firefox, browserVersion: 89.0.1, javascriptEnabled: true, moz:accessibilityChecks: false, moz:buildID: 20210614221319, moz:debuggerAddress: localhost:63699, moz:geckodriverVersion: 0.29.0, moz:headless: false, moz:processID: 6220, moz:profile: C:\Windows\Temp\rust_mozpro..., moz:shutdownTimeout: 60000, moz:useNonSpecCompliantPointerOrigin: false, moz:webdriverClick: true, pageLoadStrategy: normal, platform: WINDOWS, platformName: WINDOWS, platformVersion: 10.0, se:cdp: ws://localhost:63699/devtoo..., se:cdpVersion: 85, setWindowRect: true, strictFileInteractability: false, timeouts: {implicit: 0, pageLoad: 300000, script: 30000}, unhandledPromptBehavior: dismiss and notify}
Element: [[FirefoxDriver: firefox on WINDOWS (734a3996-b1ba-463b-a660-a7d36361be7e)] -> xpath: //span[contains(text(),'My Account')]]
Session ID: 734a3996-b1ba-463b-a660-a7d36361be7e
	at com.tests.LoginTest.invalid_emailAndPassword_LoginTest3(LoginTest.java:28)
]]></failure>
    <system-out><![CDATA[[INFO ] 2021-07-17 15:59:24.400 [main] Log - invalid_emailAndPassword_LoginTest3 test is starting.
[INFO ] 2021-07-17 15:59:24.401 [main] Log - go to opencart home page
[INFO ] 2021-07-17 15:59:25.638 [main] Log - go to login page 
[INFO ] 2021-07-17 15:59:25.676 [main] Log - invalid_emailAndPassword_LoginTest3 test is failed.
]]></system-out>
  </testcase>
  <testcase name="valid_emailAndPassword_LoginTest[public void com.tests.LoginTest.valid_emailAndPassword_LoginTest(java.lang.reflect.Method)](1)" classname="com.tests.LoginTest" time="0">
    <skipped message="Element &lt;span class=&quot;hidden-xs hidden-sm hidden-md&quot;&gt; could not be scrolled into view&#10;Build info: version: &apos;4.0.0-beta-4&apos;, revision: &apos;29f46d02dd&apos;&#10;System info: host: &apos;LAPTOP-EM2ICHMI&apos;, ip: &apos;192.168.58.102&apos;, os.name: &apos;Windows 10&apos;, os.arch: &apos;amd64&apos;, os.version: &apos;10.0&apos;, java.version: &apos;1.8.0_281&apos;&#10;Driver info: org.openqa.selenium.firefox.FirefoxDriver&#10;Command: [734a3996-b1ba-463b-a660-a7d36361be7e, clickElement {id=e3d680f6-79d0-44b0-ad34-52043022e3c1}]&#10;Capabilities {acceptInsecureCerts: true, browserName: firefox, browserVersion: 89.0.1, javascriptEnabled: true, moz:accessibilityChecks: false, moz:buildID: 20210614221319, moz:debuggerAddress: localhost:63699, moz:geckodriverVersion: 0.29.0, moz:headless: false, moz:processID: 6220, moz:profile: C:\Windows\Temp\rust_mozpro..., moz:shutdownTimeout: 60000, moz:useNonSpecCompliantPointerOrigin: false, moz:webdriverClick: true, pageLoadStrategy: normal, platform: WINDOWS, platformName: WINDOWS, platformVersion: 10.0, se:cdp: ws://localhost:63699/devtoo..., se:cdpVersion: 85, setWindowRect: true, strictFileInteractability: false, timeouts: {implicit: 0, pageLoad: 300000, script: 30000}, unhandledPromptBehavior: dismiss and notify}&#10;Element: [[FirefoxDriver: firefox on WINDOWS (734a3996-b1ba-463b-a660-a7d36361be7e)] -&gt; xpath: //span[contains(text(),&apos;My Account&apos;)]]&#10;Session ID: 734a3996-b1ba-463b-a660-a7d36361be7e"/>
    <system-out><![CDATA[[INFO ] 2021-07-17 15:59:25.859 [main] Log - valid_emailAndPassword_LoginTest test is starting.
[INFO ] 2021-07-17 15:59:25.860 [main] Log - go to opencart home page
[INFO ] 2021-07-17 15:59:27.203 [main] Log - go to login page 
[INFO ] 2021-07-17 15:59:27.409 [main] Log - valid_emailAndPassword_LoginTest test is skipped.
]]></system-out>
  </testcase>
  <testcase name="valid_emailAndPassword_LoginTest[public void com.tests.LoginTest.valid_emailAndPassword_LoginTest(java.lang.reflect.Method)](2)" classname="com.tests.LoginTest" time="1.496">
    <failure message="Element &lt;span class=&quot;hidden-xs hidden-sm hidden-md&quot;&gt; could not be scrolled into view&#10;Build info: version: &apos;4.0.0-beta-4&apos;, revision: &apos;29f46d02dd&apos;&#10;System info: host: &apos;LAPTOP-EM2ICHMI&apos;, ip: &apos;192.168.58.102&apos;, os.name: &apos;Windows 10&apos;, os.arch: &apos;amd64&apos;, os.version: &apos;10.0&apos;, java.version: &apos;1.8.0_281&apos;&#10;Driver info: org.openqa.selenium.firefox.FirefoxDriver&#10;Command: [734a3996-b1ba-463b-a660-a7d36361be7e, clickElement {id=dc535720-ae6d-46ef-bd4b-b3e7458006af}]&#10;Capabilities {acceptInsecureCerts: true, browserName: firefox, browserVersion: 89.0.1, javascriptEnabled: true, moz:accessibilityChecks: false, moz:buildID: 20210614221319, moz:debuggerAddress: localhost:63699, moz:geckodriverVersion: 0.29.0, moz:headless: false, moz:processID: 6220, moz:profile: C:\Windows\Temp\rust_mozpro..., moz:shutdownTimeout: 60000, moz:useNonSpecCompliantPointerOrigin: false, moz:webdriverClick: true, pageLoadStrategy: normal, platform: WINDOWS, platformName: WINDOWS, platformVersion: 10.0, se:cdp: ws://localhost:63699/devtoo..., se:cdpVersion: 85, setWindowRect: true, strictFileInteractability: false, timeouts: {implicit: 0, pageLoad: 300000, script: 30000}, unhandledPromptBehavior: dismiss and notify}&#10;Element: [[FirefoxDriver: firefox on WINDOWS (734a3996-b1ba-463b-a660-a7d36361be7e)] -&gt; xpath: //span[contains(text(),&apos;My Account&apos;)]]&#10;Session ID: 734a3996-b1ba-463b-a660-a7d36361be7e" type="org.openqa.selenium.ElementNotInteractableException"><![CDATA[org.openqa.selenium.ElementNotInteractableException: 
Element <span class="hidden-xs hidden-sm hidden-md"> could not be scrolled into view
Build info: version: '4.0.0-beta-4', revision: '29f46d02dd'
System info: host: 'LAPTOP-EM2ICHMI', ip: '192.168.58.102', os.name: 'Windows 10', os.arch: 'amd64', os.version: '10.0', java.version: '1.8.0_281'
Driver info: org.openqa.selenium.firefox.FirefoxDriver
Command: [734a3996-b1ba-463b-a660-a7d36361be7e, clickElement {id=dc535720-ae6d-46ef-bd4b-b3e7458006af}]
Capabilities {acceptInsecureCerts: true, browserName: firefox, browserVersion: 89.0.1, javascriptEnabled: true, moz:accessibilityChecks: false, moz:buildID: 20210614221319, moz:debuggerAddress: localhost:63699, moz:geckodriverVersion: 0.29.0, moz:headless: false, moz:processID: 6220, moz:profile: C:\Windows\Temp\rust_mozpro..., moz:shutdownTimeout: 60000, moz:useNonSpecCompliantPointerOrigin: false, moz:webdriverClick: true, pageLoadStrategy: normal, platform: WINDOWS, platformName: WINDOWS, platformVersion: 10.0, se:cdp: ws://localhost:63699/devtoo..., se:cdpVersion: 85, setWindowRect: true, strictFileInteractability: false, timeouts: {implicit: 0, pageLoad: 300000, script: 30000}, unhandledPromptBehavior: dismiss and notify}
Element: [[FirefoxDriver: firefox on WINDOWS (734a3996-b1ba-463b-a660-a7d36361be7e)] -> xpath: //span[contains(text(),'My Account')]]
Session ID: 734a3996-b1ba-463b-a660-a7d36361be7e
	at com.tests.LoginTest.valid_emailAndPassword_LoginTest(LoginTest.java:34)
]]></failure>
    <system-out><![CDATA[[INFO ] 2021-07-17 15:59:27.412 [main] Log - valid_emailAndPassword_LoginTest test is starting.
[INFO ] 2021-07-17 15:59:27.412 [main] Log - go to opencart home page
[INFO ] 2021-07-17 15:59:28.677 [main] Log - go to login page 
[INFO ] 2021-07-17 15:59:28.709 [main] Log - valid_emailAndPassword_LoginTest test is failed.
]]></system-out>
  </testcase>
</testsuite>