<?xml version="1.0" encoding="UTF-8"?>
<testng-results skipped="0" failed="4" ignored="0" retried="4" total="9" passed="1">
  <reporter-output>
  </reporter-output>
  <suite name="All Test Suite" duration-ms="31232" started-at="2021-07-17T15:58:59 BDT" finished-at="2021-07-17T15:59:30 BDT">
    <groups>
    </groups>
    <test name="POMframeworkWithExtentReportCOPY" duration-ms="31232" started-at="2021-07-17T15:58:59 BDT" finished-at="2021-07-17T15:59:30 BDT">
      <class name="com.tests.LoginTest">
        <test-method status="PASS" signature="classLevelSetUP()[pri:0, instance:com.tests.LoginTest@11438d26]" name="classLevelSetUP" is-config="true" duration-ms="10696" started-at="2021-07-17T15:59:00 BDT" finished-at="2021-07-17T15:59:11 BDT">
          <reporter-output>
          </reporter-output>
        </test-method> <!-- classLevelSetUP -->
        <test-method status="PASS" signature="methodLevelSetUP()[pri:0, instance:com.tests.LoginTest@11438d26]" name="methodLevelSetUP" is-config="true" duration-ms="42" started-at="2021-07-17T15:59:11 BDT" finished-at="2021-07-17T15:59:11 BDT">
          <reporter-output>
          </reporter-output>
        </test-method> <!-- methodLevelSetUP -->
        <test-method status="SKIP" signature="invalid_emailAndPassword_LoginTest1(java.lang.reflect.Method)[pri:0, instance:com.tests.LoginTest@11438d26]" name="invalid_emailAndPassword_LoginTest1" duration-ms="6693" retried="true" started-at="2021-07-17T15:59:11 BDT" finished-at="2021-07-17T15:59:17 BDT">
          <params>
            <param index="0">
              <value>
                <![CDATA[public void com.tests.LoginTest.invalid_emailAndPassword_LoginTest1(java.lang.reflect.Method)]]>
              </value>
            </param>
          </params>
          <exception class="org.openqa.selenium.ElementNotInteractableException">
            <message>
              <![CDATA[Element <span class="hidden-xs hidden-sm hidden-md"> could not be scrolled into view
Build info: version: '4.0.0-beta-4', revision: '29f46d02dd'
System info: host: 'LAPTOP-EM2ICHMI', ip: '192.168.58.102', os.name: 'Windows 10', os.arch: 'amd64', os.version: '10.0', java.version: '1.8.0_281'
Driver info: org.openqa.selenium.firefox.FirefoxDriver
Command: [734a3996-b1ba-463b-a660-a7d36361be7e, clickElement {id=fdd4c8f1-2760-41eb-b884-252652e3e788}]
Capabilities {acceptInsecureCerts: true, browserName: firefox, browserVersion: 89.0.1, javascriptEnabled: true, moz:accessibilityChecks: false, moz:buildID: 20210614221319, moz:debuggerAddress: localhost:63699, moz:geckodriverVersion: 0.29.0, moz:headless: false, moz:processID: 6220, moz:profile: C:\Windows\Temp\rust_mozpro..., moz:shutdownTimeout: 60000, moz:useNonSpecCompliantPointerOrigin: false, moz:webdriverClick: true, pageLoadStrategy: normal, platform: WINDOWS, platformName: WINDOWS, platformVersion: 10.0, se:cdp: ws://localhost:63699/devtoo..., se:cdpVersion: 85, setWindowRect: true, strictFileInteractability: false, timeouts: {implicit: 0, pageLoad: 300000, script: 30000}, unhandledPromptBehavior: dismiss and notify}
Element: [[FirefoxDriver: firefox on WINDOWS (734a3996-b1ba-463b-a660-a7d36361be7e)] -> xpath: //span[contains(text(),'My Account')]]
Session ID: 734a3996-b1ba-463b-a660-a7d36361be7e]]>
            </message>
            <full-stacktrace>
              <![CDATA[org.openqa.selenium.ElementNotInteractableException: Element <span class="hidden-xs hidden-sm hidden-md"> could not be scrolled into view
Build info: version: '4.0.0-beta-4', revision: '29f46d02dd'
System info: host: 'LAPTOP-EM2ICHMI', ip: '192.168.58.102', os.name: 'Windows 10', os.arch: 'amd64', os.version: '10.0', java.version: '1.8.0_281'
Driver info: org.openqa.selenium.firefox.FirefoxDriver
Command: [734a3996-b1ba-463b-a660-a7d36361be7e, clickElement {id=fdd4c8f1-2760-41eb-b884-252652e3e788}]
Capabilities {acceptInsecureCerts: true, browserName: firefox, browserVersion: 89.0.1, javascriptEnabled: true, moz:accessibilityChecks: false, moz:buildID: 20210614221319, moz:debuggerAddress: localhost:63699, moz:geckodriverVersion: 0.29.0, moz:headless: false, moz:processID: 6220, moz:profile: C:\Windows\Temp\rust_mozpro..., moz:shutdownTimeout: 60000, moz:useNonSpecCompliantPointerOrigin: false, moz:webdriverClick: true, pageLoadStrategy: normal, platform: WINDOWS, platformName: WINDOWS, platformVersion: 10.0, se:cdp: ws://localhost:63699/devtoo..., se:cdpVersion: 85, setWindowRect: true, strictFileInteractability: false, timeouts: {implicit: 0, pageLoad: 300000, script: 30000}, unhandledPromptBehavior: dismiss and notify}
Element: [[FirefoxDriver: firefox on WINDOWS (734a3996-b1ba-463b-a660-a7d36361be7e)] -> xpath: //span[contains(text(),'My Account')]]
Session ID: 734a3996-b1ba-463b-a660-a7d36361be7e
at sun.reflect.NativeConstructorAccessorImpl.newInstance0(Native Method)
at sun.reflect.NativeConstructorAccessorImpl.newInstance(NativeConstructorAccessorImpl.java:62)
at sun.reflect.DelegatingConstructorAccessorImpl.newInstance(DelegatingConstructorAccessorImpl.java:45)
at java.lang.reflect.Constructor.newInstance(Constructor.java:423)
at org.openqa.selenium.remote.codec.w3c.W3CHttpResponseCodec.createException(W3CHttpResponseCodec.java:200)
at org.openqa.selenium.remote.codec.w3c.W3CHttpResponseCodec.decode(W3CHttpResponseCodec.java:133)
at org.openqa.selenium.remote.codec.w3c.W3CHttpResponseCodec.decode(W3CHttpResponseCodec.java:53)
at org.openqa.selenium.remote.HttpCommandExecutor.execute(HttpCommandExecutor.java:184)
at org.openqa.selenium.remote.service.DriverCommandExecutor.invokeExecute(DriverCommandExecutor.java:162)
at org.openqa.selenium.remote.service.DriverCommandExecutor.execute(DriverCommandExecutor.java:137)
at org.openqa.selenium.remote.RemoteWebDriver.execute(RemoteWebDriver.java:612)
at org.openqa.selenium.remote.RemoteWebElement.execute(RemoteWebElement.java:235)
at org.openqa.selenium.remote.RemoteWebElement.click(RemoteWebElement.java:73)
at com.pages.HomePage.goToLoginPage(HomePage.java:35)
at com.tests.LoginTest.invalid_emailAndPassword_LoginTest1(LoginTest.java:14)
at sun.reflect.NativeMethodAccessorImpl.invoke0(Native Method)
at sun.reflect.NativeMethodAccessorImpl.invoke(NativeMethodAccessorImpl.java:62)
at sun.reflect.DelegatingMethodAccessorImpl.invoke(DelegatingMethodAccessorImpl.java:43)
at java.lang.reflect.Method.invoke(Method.java:498)
at org.testng.internal.MethodInvocationHelper.invokeMethod(MethodInvocationHelper.java:133)
at org.testng.internal.TestInvoker.invokeMethod(TestInvoker.java:598)
at org.testng.internal.TestInvoker.invokeTestMethod(TestInvoker.java:173)
at org.testng.internal.MethodRunner.runInSequence(MethodRunner.java:46)
at org.testng.internal.TestInvoker$MethodInvocationAgent.invoke(TestInvoker.java:824)
at org.testng.internal.TestInvoker.invokeTestMethods(TestInvoker.java:146)
at org.testng.internal.TestMethodWorker.invokeTestMethods(TestMethodWorker.java:146)
at org.testng.internal.TestMethodWorker.run(TestMethodWorker.java:128)
at java.util.ArrayList.forEach(ArrayList.java:1259)
at org.testng.TestRunner.privateRun(TestRunner.java:794)
at org.testng.TestRunner.run(TestRunner.java:596)
at org.testng.SuiteRunner.runTest(SuiteRunner.java:377)
at org.testng.SuiteRunner.runSequentially(SuiteRunner.java:371)
at org.testng.SuiteRunner.privateRun(SuiteRunner.java:332)
at org.testng.SuiteRunner.run(SuiteRunner.java:276)
at org.testng.SuiteRunnerWorker.runSuite(SuiteRunnerWorker.java:53)
at org.testng.SuiteRunnerWorker.run(SuiteRunnerWorker.java:96)
at org.testng.TestNG.runSuitesSequentially(TestNG.java:1212)
at org.testng.TestNG.runSuitesLocally(TestNG.java:1134)
at org.testng.TestNG.runSuites(TestNG.java:1063)
at org.testng.TestNG.run(TestNG.java:1031)
at org.apache.maven.surefire.testng.TestNGExecutor.run(TestNGExecutor.java:284)
at org.apache.maven.surefire.testng.TestNGXmlTestSuite.execute(TestNGXmlTestSuite.java:75)
at org.apache.maven.surefire.testng.TestNGProvider.invoke(TestNGProvider.java:119)
at org.apache.maven.surefire.booter.ForkedBooter.runSuitesInProcess(ForkedBooter.java:428)
at org.apache.maven.surefire.booter.ForkedBooter.execute(ForkedBooter.java:162)
at org.apache.maven.surefire.booter.ForkedBooter.run(ForkedBooter.java:562)
at org.apache.maven.surefire.booter.ForkedBooter.main(ForkedBooter.java:548)
]]>
            </full-stacktrace>
          </exception> <!-- org.openqa.selenium.ElementNotInteractableException -->
          <reporter-output>
          </reporter-output>
        </test-method> <!-- invalid_emailAndPassword_LoginTest1 -->
        <test-method status="PASS" signature="methodLevelSetUP()[pri:0, instance:com.tests.LoginTest@11438d26]" name="methodLevelSetUP" is-config="true" duration-ms="0" started-at="2021-07-17T15:59:18 BDT" finished-at="2021-07-17T15:59:18 BDT">
          <reporter-output>
          </reporter-output>
        </test-method> <!-- methodLevelSetUP -->
        <test-method status="FAIL" signature="invalid_emailAndPassword_LoginTest1(java.lang.reflect.Method)[pri:0, instance:com.tests.LoginTest@11438d26]" name="invalid_emailAndPassword_LoginTest1" duration-ms="1406" started-at="2021-07-17T15:59:18 BDT" finished-at="2021-07-17T15:59:19 BDT">
          <params>
            <param index="0">
              <value>
                <![CDATA[public void com.tests.LoginTest.invalid_emailAndPassword_LoginTest1(java.lang.reflect.Method)]]>
              </value>
            </param>
          </params>
          <exception class="org.openqa.selenium.ElementNotInteractableException">
            <message>
              <![CDATA[Element <span class="hidden-xs hidden-sm hidden-md"> could not be scrolled into view
Build info: version: '4.0.0-beta-4', revision: '29f46d02dd'
System info: host: 'LAPTOP-EM2ICHMI', ip: '192.168.58.102', os.name: 'Windows 10', os.arch: 'amd64', os.version: '10.0', java.version: '1.8.0_281'
Driver info: org.openqa.selenium.firefox.FirefoxDriver
Command: [734a3996-b1ba-463b-a660-a7d36361be7e, clickElement {id=51814fc3-f4f3-41fc-8b29-7c125816dce3}]
Capabilities {acceptInsecureCerts: true, browserName: firefox, browserVersion: 89.0.1, javascriptEnabled: true, moz:accessibilityChecks: false, moz:buildID: 20210614221319, moz:debuggerAddress: localhost:63699, moz:geckodriverVersion: 0.29.0, moz:headless: false, moz:processID: 6220, moz:profile: C:\Windows\Temp\rust_mozpro..., moz:shutdownTimeout: 60000, moz:useNonSpecCompliantPointerOrigin: false, moz:webdriverClick: true, pageLoadStrategy: normal, platform: WINDOWS, platformName: WINDOWS, platformVersion: 10.0, se:cdp: ws://localhost:63699/devtoo..., se:cdpVersion: 85, setWindowRect: true, strictFileInteractability: false, timeouts: {implicit: 0, pageLoad: 300000, script: 30000}, unhandledPromptBehavior: dismiss and notify}
Element: [[FirefoxDriver: firefox on WINDOWS (734a3996-b1ba-463b-a660-a7d36361be7e)] -> xpath: //span[contains(text(),'My Account')]]
Session ID: 734a3996-b1ba-463b-a660-a7d36361be7e]]>
            </message>
            <full-stacktrace>
              <![CDATA[org.openqa.selenium.ElementNotInteractableException: Element <span class="hidden-xs hidden-sm hidden-md"> could not be scrolled into view
Build info: version: '4.0.0-beta-4', revision: '29f46d02dd'
System info: host: 'LAPTOP-EM2ICHMI', ip: '192.168.58.102', os.name: 'Windows 10', os.arch: 'amd64', os.version: '10.0', java.version: '1.8.0_281'
Driver info: org.openqa.selenium.firefox.FirefoxDriver
Command: [734a3996-b1ba-463b-a660-a7d36361be7e, clickElement {id=51814fc3-f4f3-41fc-8b29-7c125816dce3}]
Capabilities {acceptInsecureCerts: true, browserName: firefox, browserVersion: 89.0.1, javascriptEnabled: true, moz:accessibilityChecks: false, moz:buildID: 20210614221319, moz:debuggerAddress: localhost:63699, moz:geckodriverVersion: 0.29.0, moz:headless: false, moz:processID: 6220, moz:profile: C:\Windows\Temp\rust_mozpro..., moz:shutdownTimeout: 60000, moz:useNonSpecCompliantPointerOrigin: false, moz:webdriverClick: true, pageLoadStrategy: normal, platform: WINDOWS, platformName: WINDOWS, platformVersion: 10.0, se:cdp: ws://localhost:63699/devtoo..., se:cdpVersion: 85, setWindowRect: true, strictFileInteractability: false, timeouts: {implicit: 0, pageLoad: 300000, script: 30000}, unhandledPromptBehavior: dismiss and notify}
Element: [[FirefoxDriver: firefox on WINDOWS (734a3996-b1ba-463b-a660-a7d36361be7e)] -> xpath: //span[contains(text(),'My Account')]]
Session ID: 734a3996-b1ba-463b-a660-a7d36361be7e
at sun.reflect.NativeConstructorAccessorImpl.newInstance0(Native Method)
at sun.reflect.NativeConstructorAccessorImpl.newInstance(NativeConstructorAccessorImpl.java:62)
at sun.reflect.DelegatingConstructorAccessorImpl.newInstance(DelegatingConstructorAccessorImpl.java:45)
at java.lang.reflect.Constructor.newInstance(Constructor.java:423)
at org.openqa.selenium.remote.codec.w3c.W3CHttpResponseCodec.createException(W3CHttpResponseCodec.java:200)
at org.openqa.selenium.remote.codec.w3c.W3CHttpResponseCodec.decode(W3CHttpResponseCodec.java:133)
at org.openqa.selenium.remote.codec.w3c.W3CHttpResponseCodec.decode(W3CHttpResponseCodec.java:53)
at org.openqa.selenium.remote.HttpCommandExecutor.execute(HttpCommandExecutor.java:184)
at org.openqa.selenium.remote.service.DriverCommandExecutor.invokeExecute(DriverCommandExecutor.java:162)
at org.openqa.selenium.remote.service.DriverCommandExecutor.execute(DriverCommandExecutor.java:137)
at org.openqa.selenium.remote.RemoteWebDriver.execute(RemoteWebDriver.java:612)
at org.openqa.selenium.remote.RemoteWebElement.execute(RemoteWebElement.java:235)
at org.openqa.selenium.remote.RemoteWebElement.click(RemoteWebElement.java:73)
at com.pages.HomePage.goToLoginPage(HomePage.java:35)
at com.tests.LoginTest.invalid_emailAndPassword_LoginTest1(LoginTest.java:14)
at sun.reflect.NativeMethodAccessorImpl.invoke0(Native Method)
at sun.reflect.NativeMethodAccessorImpl.invoke(NativeMethodAccessorImpl.java:62)
at sun.reflect.DelegatingMethodAccessorImpl.invoke(DelegatingMethodAccessorImpl.java:43)
at java.lang.reflect.Method.invoke(Method.java:498)
at org.testng.internal.MethodInvocationHelper.invokeMethod(MethodInvocationHelper.java:133)
at org.testng.internal.TestInvoker.invokeMethod(TestInvoker.java:598)
at org.testng.internal.TestInvoker.retryFailed(TestInvoker.java:213)
at org.testng.internal.MethodRunner.runInSequence(MethodRunner.java:58)
at org.testng.internal.TestInvoker$MethodInvocationAgent.invoke(TestInvoker.java:824)
at org.testng.internal.TestInvoker.invokeTestMethods(TestInvoker.java:146)
at org.testng.internal.TestMethodWorker.invokeTestMethods(TestMethodWorker.java:146)
at org.testng.internal.TestMethodWorker.run(TestMethodWorker.java:128)
at java.util.ArrayList.forEach(ArrayList.java:1259)
at org.testng.TestRunner.privateRun(TestRunner.java:794)
at org.testng.TestRunner.run(TestRunner.java:596)
at org.testng.SuiteRunner.runTest(SuiteRunner.java:377)
at org.testng.SuiteRunner.runSequentially(SuiteRunner.java:371)
at org.testng.SuiteRunner.privateRun(SuiteRunner.java:332)
at org.testng.SuiteRunner.run(SuiteRunner.java:276)
at org.testng.SuiteRunnerWorker.runSuite(SuiteRunnerWorker.java:53)
at org.testng.SuiteRunnerWorker.run(SuiteRunnerWorker.java:96)
at org.testng.TestNG.runSuitesSequentially(TestNG.java:1212)
at org.testng.TestNG.runSuitesLocally(TestNG.java:1134)
at org.testng.TestNG.runSuites(TestNG.java:1063)
at org.testng.TestNG.run(TestNG.java:1031)
at org.apache.maven.surefire.testng.TestNGExecutor.run(TestNGExecutor.java:284)
at org.apache.maven.surefire.testng.TestNGXmlTestSuite.execute(TestNGXmlTestSuite.java:75)
at org.apache.maven.surefire.testng.TestNGProvider.invoke(TestNGProvider.java:119)
at org.apache.maven.surefire.booter.ForkedBooter.runSuitesInProcess(ForkedBooter.java:428)
at org.apache.maven.surefire.booter.ForkedBooter.execute(ForkedBooter.java:162)
at org.apache.maven.surefire.booter.ForkedBooter.run(ForkedBooter.java:562)
at org.apache.maven.surefire.booter.ForkedBooter.main(ForkedBooter.java:548)
]]>
            </full-stacktrace>
          </exception> <!-- org.openqa.selenium.ElementNotInteractableException -->
          <reporter-output>
          </reporter-output>
        </test-method> <!-- invalid_emailAndPassword_LoginTest1 -->
        <test-method status="PASS" signature="methodLevelSetUP()[pri:0, instance:com.tests.LoginTest@11438d26]" name="methodLevelSetUP" is-config="true" duration-ms="1" started-at="2021-07-17T15:59:19 BDT" finished-at="2021-07-17T15:59:19 BDT">
          <reporter-output>
          </reporter-output>
        </test-method> <!-- methodLevelSetUP -->
        <test-method status="PASS" signature="testPrint()[pri:0, instance:com.tests.LoginTest@11438d26]" name="testPrint" duration-ms="10" started-at="2021-07-17T15:59:19 BDT" finished-at="2021-07-17T15:59:19 BDT">
          <reporter-output>
          </reporter-output>
        </test-method> <!-- testPrint -->
        <test-method status="PASS" signature="methodLevelSetUP()[pri:0, instance:com.tests.LoginTest@11438d26]" name="methodLevelSetUP" is-config="true" duration-ms="1" started-at="2021-07-17T15:59:19 BDT" finished-at="2021-07-17T15:59:19 BDT">
          <reporter-output>
          </reporter-output>
        </test-method> <!-- methodLevelSetUP -->
        <test-method status="SKIP" signature="invalid_emailAndPassword_LoginTest2(java.lang.reflect.Method)[pri:1, instance:com.tests.LoginTest@11438d26]" name="invalid_emailAndPassword_LoginTest2" duration-ms="1336" retried="true" started-at="2021-07-17T15:59:19 BDT" finished-at="2021-07-17T15:59:21 BDT">
          <params>
            <param index="0">
              <value>
                <![CDATA[public void com.tests.LoginTest.invalid_emailAndPassword_LoginTest2(java.lang.reflect.Method)]]>
              </value>
            </param>
          </params>
          <exception class="org.openqa.selenium.ElementNotInteractableException">
            <message>
              <![CDATA[Element <span class="hidden-xs hidden-sm hidden-md"> could not be scrolled into view
Build info: version: '4.0.0-beta-4', revision: '29f46d02dd'
System info: host: 'LAPTOP-EM2ICHMI', ip: '192.168.58.102', os.name: 'Windows 10', os.arch: 'amd64', os.version: '10.0', java.version: '1.8.0_281'
Driver info: org.openqa.selenium.firefox.FirefoxDriver
Command: [734a3996-b1ba-463b-a660-a7d36361be7e, clickElement {id=c949e408-11a2-4df0-900a-3b6fa846ac63}]
Capabilities {acceptInsecureCerts: true, browserName: firefox, browserVersion: 89.0.1, javascriptEnabled: true, moz:accessibilityChecks: false, moz:buildID: 20210614221319, moz:debuggerAddress: localhost:63699, moz:geckodriverVersion: 0.29.0, moz:headless: false, moz:processID: 6220, moz:profile: C:\Windows\Temp\rust_mozpro..., moz:shutdownTimeout: 60000, moz:useNonSpecCompliantPointerOrigin: false, moz:webdriverClick: true, pageLoadStrategy: normal, platform: WINDOWS, platformName: WINDOWS, platformVersion: 10.0, se:cdp: ws://localhost:63699/devtoo..., se:cdpVersion: 85, setWindowRect: true, strictFileInteractability: false, timeouts: {implicit: 0, pageLoad: 300000, script: 30000}, unhandledPromptBehavior: dismiss and notify}
Element: [[FirefoxDriver: firefox on WINDOWS (734a3996-b1ba-463b-a660-a7d36361be7e)] -> xpath: //span[contains(text(),'My Account')]]
Session ID: 734a3996-b1ba-463b-a660-a7d36361be7e]]>
            </message>
            <full-stacktrace>
              <![CDATA[org.openqa.selenium.ElementNotInteractableException: Element <span class="hidden-xs hidden-sm hidden-md"> could not be scrolled into view
Build info: version: '4.0.0-beta-4', revision: '29f46d02dd'
System info: host: 'LAPTOP-EM2ICHMI', ip: '192.168.58.102', os.name: 'Windows 10', os.arch: 'amd64', os.version: '10.0', java.version: '1.8.0_281'
Driver info: org.openqa.selenium.firefox.FirefoxDriver
Command: [734a3996-b1ba-463b-a660-a7d36361be7e, clickElement {id=c949e408-11a2-4df0-900a-3b6fa846ac63}]
Capabilities {acceptInsecureCerts: true, browserName: firefox, browserVersion: 89.0.1, javascriptEnabled: true, moz:accessibilityChecks: false, moz:buildID: 20210614221319, moz:debuggerAddress: localhost:63699, moz:geckodriverVersion: 0.29.0, moz:headless: false, moz:processID: 6220, moz:profile: C:\Windows\Temp\rust_mozpro..., moz:shutdownTimeout: 60000, moz:useNonSpecCompliantPointerOrigin: false, moz:webdriverClick: true, pageLoadStrategy: normal, platform: WINDOWS, platformName: WINDOWS, platformVersion: 10.0, se:cdp: ws://localhost:63699/devtoo..., se:cdpVersion: 85, setWindowRect: true, strictFileInteractability: false, timeouts: {implicit: 0, pageLoad: 300000, script: 30000}, unhandledPromptBehavior: dismiss and notify}
Element: [[FirefoxDriver: firefox on WINDOWS (734a3996-b1ba-463b-a660-a7d36361be7e)] -> xpath: //span[contains(text(),'My Account')]]
Session ID: 734a3996-b1ba-463b-a660-a7d36361be7e
at sun.reflect.NativeConstructorAccessorImpl.newInstance0(Native Method)
at sun.reflect.NativeConstructorAccessorImpl.newInstance(NativeConstructorAccessorImpl.java:62)
at sun.reflect.DelegatingConstructorAccessorImpl.newInstance(DelegatingConstructorAccessorImpl.java:45)
at java.lang.reflect.Constructor.newInstance(Constructor.java:423)
at org.openqa.selenium.remote.codec.w3c.W3CHttpResponseCodec.createException(W3CHttpResponseCodec.java:200)
at org.openqa.selenium.remote.codec.w3c.W3CHttpResponseCodec.decode(W3CHttpResponseCodec.java:133)
at org.openqa.selenium.remote.codec.w3c.W3CHttpResponseCodec.decode(W3CHttpResponseCodec.java:53)
at org.openqa.selenium.remote.HttpCommandExecutor.execute(HttpCommandExecutor.java:184)
at org.openqa.selenium.remote.service.DriverCommandExecutor.invokeExecute(DriverCommandExecutor.java:162)
at org.openqa.selenium.remote.service.DriverCommandExecutor.execute(DriverCommandExecutor.java:137)
at org.openqa.selenium.remote.RemoteWebDriver.execute(RemoteWebDriver.java:612)
at org.openqa.selenium.remote.RemoteWebElement.execute(RemoteWebElement.java:235)
at org.openqa.selenium.remote.RemoteWebElement.click(RemoteWebElement.java:73)
at com.pages.HomePage.goToLoginPage(HomePage.java:35)
at com.tests.LoginTest.invalid_emailAndPassword_LoginTest2(LoginTest.java:21)
at sun.reflect.NativeMethodAccessorImpl.invoke0(Native Method)
at sun.reflect.NativeMethodAccessorImpl.invoke(NativeMethodAccessorImpl.java:62)
at sun.reflect.DelegatingMethodAccessorImpl.invoke(DelegatingMethodAccessorImpl.java:43)
at java.lang.reflect.Method.invoke(Method.java:498)
at org.testng.internal.MethodInvocationHelper.invokeMethod(MethodInvocationHelper.java:133)
at org.testng.internal.TestInvoker.invokeMethod(TestInvoker.java:598)
at org.testng.internal.TestInvoker.invokeTestMethod(TestInvoker.java:173)
at org.testng.internal.MethodRunner.runInSequence(MethodRunner.java:46)
at org.testng.internal.TestInvoker$MethodInvocationAgent.invoke(TestInvoker.java:824)
at org.testng.internal.TestInvoker.invokeTestMethods(TestInvoker.java:146)
at org.testng.internal.TestMethodWorker.invokeTestMethods(TestMethodWorker.java:146)
at org.testng.internal.TestMethodWorker.run(TestMethodWorker.java:128)
at java.util.ArrayList.forEach(ArrayList.java:1259)
at org.testng.TestRunner.privateRun(TestRunner.java:794)
at org.testng.TestRunner.run(TestRunner.java:596)
at org.testng.SuiteRunner.runTest(SuiteRunner.java:377)
at org.testng.SuiteRunner.runSequentially(SuiteRunner.java:371)
at org.testng.SuiteRunner.privateRun(SuiteRunner.java:332)
at org.testng.SuiteRunner.run(SuiteRunner.java:276)
at org.testng.SuiteRunnerWorker.runSuite(SuiteRunnerWorker.java:53)
at org.testng.SuiteRunnerWorker.run(SuiteRunnerWorker.java:96)
at org.testng.TestNG.runSuitesSequentially(TestNG.java:1212)
at org.testng.TestNG.runSuitesLocally(TestNG.java:1134)
at org.testng.TestNG.runSuites(TestNG.java:1063)
at org.testng.TestNG.run(TestNG.java:1031)
at org.apache.maven.surefire.testng.TestNGExecutor.run(TestNGExecutor.java:284)
at org.apache.maven.surefire.testng.TestNGXmlTestSuite.execute(TestNGXmlTestSuite.java:75)
at org.apache.maven.surefire.testng.TestNGProvider.invoke(TestNGProvider.java:119)
at org.apache.maven.surefire.booter.ForkedBooter.runSuitesInProcess(ForkedBooter.java:428)
at org.apache.maven.surefire.booter.ForkedBooter.execute(ForkedBooter.java:162)
at org.apache.maven.surefire.booter.ForkedBooter.run(ForkedBooter.java:562)
at org.apache.maven.surefire.booter.ForkedBooter.main(ForkedBooter.java:548)
]]>
            </full-stacktrace>
          </exception> <!-- org.openqa.selenium.ElementNotInteractableException -->
          <reporter-output>
          </reporter-output>
        </test-method> <!-- invalid_emailAndPassword_LoginTest2 -->
        <test-method status="PASS" signature="methodLevelSetUP()[pri:0, instance:com.tests.LoginTest@11438d26]" name="methodLevelSetUP" is-config="true" duration-ms="1" started-at="2021-07-17T15:59:21 BDT" finished-at="2021-07-17T15:59:21 BDT">
          <reporter-output>
          </reporter-output>
        </test-method> <!-- methodLevelSetUP -->
        <test-method status="FAIL" signature="invalid_emailAndPassword_LoginTest2(java.lang.reflect.Method)[pri:1, instance:com.tests.LoginTest@11438d26]" name="invalid_emailAndPassword_LoginTest2" duration-ms="1327" started-at="2021-07-17T15:59:21 BDT" finished-at="2021-07-17T15:59:22 BDT">
          <params>
            <param index="0">
              <value>
                <![CDATA[public void com.tests.LoginTest.invalid_emailAndPassword_LoginTest2(java.lang.reflect.Method)]]>
              </value>
            </param>
          </params>
          <exception class="org.openqa.selenium.ElementNotInteractableException">
            <message>
              <![CDATA[Element <span class="hidden-xs hidden-sm hidden-md"> could not be scrolled into view
Build info: version: '4.0.0-beta-4', revision: '29f46d02dd'
System info: host: 'LAPTOP-EM2ICHMI', ip: '192.168.58.102', os.name: 'Windows 10', os.arch: 'amd64', os.version: '10.0', java.version: '1.8.0_281'
Driver info: org.openqa.selenium.firefox.FirefoxDriver
Command: [734a3996-b1ba-463b-a660-a7d36361be7e, clickElement {id=e09d9ead-16d2-40ac-bc2e-399c005500bf}]
Capabilities {acceptInsecureCerts: true, browserName: firefox, browserVersion: 89.0.1, javascriptEnabled: true, moz:accessibilityChecks: false, moz:buildID: 20210614221319, moz:debuggerAddress: localhost:63699, moz:geckodriverVersion: 0.29.0, moz:headless: false, moz:processID: 6220, moz:profile: C:\Windows\Temp\rust_mozpro..., moz:shutdownTimeout: 60000, moz:useNonSpecCompliantPointerOrigin: false, moz:webdriverClick: true, pageLoadStrategy: normal, platform: WINDOWS, platformName: WINDOWS, platformVersion: 10.0, se:cdp: ws://localhost:63699/devtoo..., se:cdpVersion: 85, setWindowRect: true, strictFileInteractability: false, timeouts: {implicit: 0, pageLoad: 300000, script: 30000}, unhandledPromptBehavior: dismiss and notify}
Element: [[FirefoxDriver: firefox on WINDOWS (734a3996-b1ba-463b-a660-a7d36361be7e)] -> xpath: //span[contains(text(),'My Account')]]
Session ID: 734a3996-b1ba-463b-a660-a7d36361be7e]]>
            </message>
            <full-stacktrace>
              <![CDATA[org.openqa.selenium.ElementNotInteractableException: Element <span class="hidden-xs hidden-sm hidden-md"> could not be scrolled into view
Build info: version: '4.0.0-beta-4', revision: '29f46d02dd'
System info: host: 'LAPTOP-EM2ICHMI', ip: '192.168.58.102', os.name: 'Windows 10', os.arch: 'amd64', os.version: '10.0', java.version: '1.8.0_281'
Driver info: org.openqa.selenium.firefox.FirefoxDriver
Command: [734a3996-b1ba-463b-a660-a7d36361be7e, clickElement {id=e09d9ead-16d2-40ac-bc2e-399c005500bf}]
Capabilities {acceptInsecureCerts: true, browserName: firefox, browserVersion: 89.0.1, javascriptEnabled: true, moz:accessibilityChecks: false, moz:buildID: 20210614221319, moz:debuggerAddress: localhost:63699, moz:geckodriverVersion: 0.29.0, moz:headless: false, moz:processID: 6220, moz:profile: C:\Windows\Temp\rust_mozpro..., moz:shutdownTimeout: 60000, moz:useNonSpecCompliantPointerOrigin: false, moz:webdriverClick: true, pageLoadStrategy: normal, platform: WINDOWS, platformName: WINDOWS, platformVersion: 10.0, se:cdp: ws://localhost:63699/devtoo..., se:cdpVersion: 85, setWindowRect: true, strictFileInteractability: false, timeouts: {implicit: 0, pageLoad: 300000, script: 30000}, unhandledPromptBehavior: dismiss and notify}
Element: [[FirefoxDriver: firefox on WINDOWS (734a3996-b1ba-463b-a660-a7d36361be7e)] -> xpath: //span[contains(text(),'My Account')]]
Session ID: 734a3996-b1ba-463b-a660-a7d36361be7e
at sun.reflect.NativeConstructorAccessorImpl.newInstance0(Native Method)
at sun.reflect.NativeConstructorAccessorImpl.newInstance(NativeConstructorAccessorImpl.java:62)
at sun.reflect.DelegatingConstructorAccessorImpl.newInstance(DelegatingConstructorAccessorImpl.java:45)
at java.lang.reflect.Constructor.newInstance(Constructor.java:423)
at org.openqa.selenium.remote.codec.w3c.W3CHttpResponseCodec.createException(W3CHttpResponseCodec.java:200)
at org.openqa.selenium.remote.codec.w3c.W3CHttpResponseCodec.decode(W3CHttpResponseCodec.java:133)
at org.openqa.selenium.remote.codec.w3c.W3CHttpResponseCodec.decode(W3CHttpResponseCodec.java:53)
at org.openqa.selenium.remote.HttpCommandExecutor.execute(HttpCommandExecutor.java:184)
at org.openqa.selenium.remote.service.DriverCommandExecutor.invokeExecute(DriverCommandExecutor.java:162)
at org.openqa.selenium.remote.service.DriverCommandExecutor.execute(DriverCommandExecutor.java:137)
at org.openqa.selenium.remote.RemoteWebDriver.execute(RemoteWebDriver.java:612)
at org.openqa.selenium.remote.RemoteWebElement.execute(RemoteWebElement.java:235)
at org.openqa.selenium.remote.RemoteWebElement.click(RemoteWebElement.java:73)
at com.pages.HomePage.goToLoginPage(HomePage.java:35)
at com.tests.LoginTest.invalid_emailAndPassword_LoginTest2(LoginTest.java:21)
at sun.reflect.NativeMethodAccessorImpl.invoke0(Native Method)
at sun.reflect.NativeMethodAccessorImpl.invoke(NativeMethodAccessorImpl.java:62)
at sun.reflect.DelegatingMethodAccessorImpl.invoke(DelegatingMethodAccessorImpl.java:43)
at java.lang.reflect.Method.invoke(Method.java:498)
at org.testng.internal.MethodInvocationHelper.invokeMethod(MethodInvocationHelper.java:133)
at org.testng.internal.TestInvoker.invokeMethod(TestInvoker.java:598)
at org.testng.internal.TestInvoker.retryFailed(TestInvoker.java:213)
at org.testng.internal.MethodRunner.runInSequence(MethodRunner.java:58)
at org.testng.internal.TestInvoker$MethodInvocationAgent.invoke(TestInvoker.java:824)
at org.testng.internal.TestInvoker.invokeTestMethods(TestInvoker.java:146)
at org.testng.internal.TestMethodWorker.invokeTestMethods(TestMethodWorker.java:146)
at org.testng.internal.TestMethodWorker.run(TestMethodWorker.java:128)
at java.util.ArrayList.forEach(ArrayList.java:1259)
at org.testng.TestRunner.privateRun(TestRunner.java:794)
at org.testng.TestRunner.run(TestRunner.java:596)
at org.testng.SuiteRunner.runTest(SuiteRunner.java:377)
at org.testng.SuiteRunner.runSequentially(SuiteRunner.java:371)
at org.testng.SuiteRunner.privateRun(SuiteRunner.java:332)
at org.testng.SuiteRunner.run(SuiteRunner.java:276)
at org.testng.SuiteRunnerWorker.runSuite(SuiteRunnerWorker.java:53)
at org.testng.SuiteRunnerWorker.run(SuiteRunnerWorker.java:96)
at org.testng.TestNG.runSuitesSequentially(TestNG.java:1212)
at org.testng.TestNG.runSuitesLocally(TestNG.java:1134)
at org.testng.TestNG.runSuites(TestNG.java:1063)
at org.testng.TestNG.run(TestNG.java:1031)
at org.apache.maven.surefire.testng.TestNGExecutor.run(TestNGExecutor.java:284)
at org.apache.maven.surefire.testng.TestNGXmlTestSuite.execute(TestNGXmlTestSuite.java:75)
at org.apache.maven.surefire.testng.TestNGProvider.invoke(TestNGProvider.java:119)
at org.apache.maven.surefire.booter.ForkedBooter.runSuitesInProcess(ForkedBooter.java:428)
at org.apache.maven.surefire.booter.ForkedBooter.execute(ForkedBooter.java:162)
at org.apache.maven.surefire.booter.ForkedBooter.run(ForkedBooter.java:562)
at org.apache.maven.surefire.booter.ForkedBooter.main(ForkedBooter.java:548)
]]>
            </full-stacktrace>
          </exception> <!-- org.openqa.selenium.ElementNotInteractableException -->
          <reporter-output>
          </reporter-output>
        </test-method> <!-- invalid_emailAndPassword_LoginTest2 -->
        <test-method status="PASS" signature="methodLevelSetUP()[pri:0, instance:com.tests.LoginTest@11438d26]" name="methodLevelSetUP" is-config="true" duration-ms="0" started-at="2021-07-17T15:59:22 BDT" finished-at="2021-07-17T15:59:22 BDT">
          <reporter-output>
          </reporter-output>
        </test-method> <!-- methodLevelSetUP -->
        <test-method status="SKIP" signature="invalid_emailAndPassword_LoginTest3(java.lang.reflect.Method)[pri:2, instance:com.tests.LoginTest@11438d26]" name="invalid_emailAndPassword_LoginTest3" duration-ms="1332" retried="true" started-at="2021-07-17T15:59:22 BDT" finished-at="2021-07-17T15:59:24 BDT">
          <params>
            <param index="0">
              <value>
                <![CDATA[public void com.tests.LoginTest.invalid_emailAndPassword_LoginTest3(java.lang.reflect.Method)]]>
              </value>
            </param>
          </params>
          <exception class="org.openqa.selenium.ElementNotInteractableException">
            <message>
              <![CDATA[Element <span class="hidden-xs hidden-sm hidden-md"> could not be scrolled into view
Build info: version: '4.0.0-beta-4', revision: '29f46d02dd'
System info: host: 'LAPTOP-EM2ICHMI', ip: '192.168.58.102', os.name: 'Windows 10', os.arch: 'amd64', os.version: '10.0', java.version: '1.8.0_281'
Driver info: org.openqa.selenium.firefox.FirefoxDriver
Command: [734a3996-b1ba-463b-a660-a7d36361be7e, clickElement {id=b6869e14-78f2-4dff-94cf-cc08a50d0648}]
Capabilities {acceptInsecureCerts: true, browserName: firefox, browserVersion: 89.0.1, javascriptEnabled: true, moz:accessibilityChecks: false, moz:buildID: 20210614221319, moz:debuggerAddress: localhost:63699, moz:geckodriverVersion: 0.29.0, moz:headless: false, moz:processID: 6220, moz:profile: C:\Windows\Temp\rust_mozpro..., moz:shutdownTimeout: 60000, moz:useNonSpecCompliantPointerOrigin: false, moz:webdriverClick: true, pageLoadStrategy: normal, platform: WINDOWS, platformName: WINDOWS, platformVersion: 10.0, se:cdp: ws://localhost:63699/devtoo..., se:cdpVersion: 85, setWindowRect: true, strictFileInteractability: false, timeouts: {implicit: 0, pageLoad: 300000, script: 30000}, unhandledPromptBehavior: dismiss and notify}
Element: [[FirefoxDriver: firefox on WINDOWS (734a3996-b1ba-463b-a660-a7d36361be7e)] -> xpath: //span[contains(text(),'My Account')]]
Session ID: 734a3996-b1ba-463b-a660-a7d36361be7e]]>
            </message>
            <full-stacktrace>
              <![CDATA[org.openqa.selenium.ElementNotInteractableException: Element <span class="hidden-xs hidden-sm hidden-md"> could not be scrolled into view
Build info: version: '4.0.0-beta-4', revision: '29f46d02dd'
System info: host: 'LAPTOP-EM2ICHMI', ip: '192.168.58.102', os.name: 'Windows 10', os.arch: 'amd64', os.version: '10.0', java.version: '1.8.0_281'
Driver info: org.openqa.selenium.firefox.FirefoxDriver
Command: [734a3996-b1ba-463b-a660-a7d36361be7e, clickElement {id=b6869e14-78f2-4dff-94cf-cc08a50d0648}]
Capabilities {acceptInsecureCerts: true, browserName: firefox, browserVersion: 89.0.1, javascriptEnabled: true, moz:accessibilityChecks: false, moz:buildID: 20210614221319, moz:debuggerAddress: localhost:63699, moz:geckodriverVersion: 0.29.0, moz:headless: false, moz:processID: 6220, moz:profile: C:\Windows\Temp\rust_mozpro..., moz:shutdownTimeout: 60000, moz:useNonSpecCompliantPointerOrigin: false, moz:webdriverClick: true, pageLoadStrategy: normal, platform: WINDOWS, platformName: WINDOWS, platformVersion: 10.0, se:cdp: ws://localhost:63699/devtoo..., se:cdpVersion: 85, setWindowRect: true, strictFileInteractability: false, timeouts: {implicit: 0, pageLoad: 300000, script: 30000}, unhandledPromptBehavior: dismiss and notify}
Element: [[FirefoxDriver: firefox on WINDOWS (734a3996-b1ba-463b-a660-a7d36361be7e)] -> xpath: //span[contains(text(),'My Account')]]
Session ID: 734a3996-b1ba-463b-a660-a7d36361be7e
at sun.reflect.NativeConstructorAccessorImpl.newInstance0(Native Method)
at sun.reflect.NativeConstructorAccessorImpl.newInstance(NativeConstructorAccessorImpl.java:62)
at sun.reflect.DelegatingConstructorAccessorImpl.newInstance(DelegatingConstructorAccessorImpl.java:45)
at java.lang.reflect.Constructor.newInstance(Constructor.java:423)
at org.openqa.selenium.remote.codec.w3c.W3CHttpResponseCodec.createException(W3CHttpResponseCodec.java:200)
at org.openqa.selenium.remote.codec.w3c.W3CHttpResponseCodec.decode(W3CHttpResponseCodec.java:133)
at org.openqa.selenium.remote.codec.w3c.W3CHttpResponseCodec.decode(W3CHttpResponseCodec.java:53)
at org.openqa.selenium.remote.HttpCommandExecutor.execute(HttpCommandExecutor.java:184)
at org.openqa.selenium.remote.service.DriverCommandExecutor.invokeExecute(DriverCommandExecutor.java:162)
at org.openqa.selenium.remote.service.DriverCommandExecutor.execute(DriverCommandExecutor.java:137)
at org.openqa.selenium.remote.RemoteWebDriver.execute(RemoteWebDriver.java:612)
at org.openqa.selenium.remote.RemoteWebElement.execute(RemoteWebElement.java:235)
at org.openqa.selenium.remote.RemoteWebElement.click(RemoteWebElement.java:73)
at com.pages.HomePage.goToLoginPage(HomePage.java:35)
at com.tests.LoginTest.invalid_emailAndPassword_LoginTest3(LoginTest.java:28)
at sun.reflect.NativeMethodAccessorImpl.invoke0(Native Method)
at sun.reflect.NativeMethodAccessorImpl.invoke(NativeMethodAccessorImpl.java:62)
at sun.reflect.DelegatingMethodAccessorImpl.invoke(DelegatingMethodAccessorImpl.java:43)
at java.lang.reflect.Method.invoke(Method.java:498)
at org.testng.internal.MethodInvocationHelper.invokeMethod(MethodInvocationHelper.java:133)
at org.testng.internal.TestInvoker.invokeMethod(TestInvoker.java:598)
at org.testng.internal.TestInvoker.invokeTestMethod(TestInvoker.java:173)
at org.testng.internal.MethodRunner.runInSequence(MethodRunner.java:46)
at org.testng.internal.TestInvoker$MethodInvocationAgent.invoke(TestInvoker.java:824)
at org.testng.internal.TestInvoker.invokeTestMethods(TestInvoker.java:146)
at org.testng.internal.TestMethodWorker.invokeTestMethods(TestMethodWorker.java:146)
at org.testng.internal.TestMethodWorker.run(TestMethodWorker.java:128)
at java.util.ArrayList.forEach(ArrayList.java:1259)
at org.testng.TestRunner.privateRun(TestRunner.java:794)
at org.testng.TestRunner.run(TestRunner.java:596)
at org.testng.SuiteRunner.runTest(SuiteRunner.java:377)
at org.testng.SuiteRunner.runSequentially(SuiteRunner.java:371)
at org.testng.SuiteRunner.privateRun(SuiteRunner.java:332)
at org.testng.SuiteRunner.run(SuiteRunner.java:276)
at org.testng.SuiteRunnerWorker.runSuite(SuiteRunnerWorker.java:53)
at org.testng.SuiteRunnerWorker.run(SuiteRunnerWorker.java:96)
at org.testng.TestNG.runSuitesSequentially(TestNG.java:1212)
at org.testng.TestNG.runSuitesLocally(TestNG.java:1134)
at org.testng.TestNG.runSuites(TestNG.java:1063)
at org.testng.TestNG.run(TestNG.java:1031)
at org.apache.maven.surefire.testng.TestNGExecutor.run(TestNGExecutor.java:284)
at org.apache.maven.surefire.testng.TestNGXmlTestSuite.execute(TestNGXmlTestSuite.java:75)
at org.apache.maven.surefire.testng.TestNGProvider.invoke(TestNGProvider.java:119)
at org.apache.maven.surefire.booter.ForkedBooter.runSuitesInProcess(ForkedBooter.java:428)
at org.apache.maven.surefire.booter.ForkedBooter.execute(ForkedBooter.java:162)
at org.apache.maven.surefire.booter.ForkedBooter.run(ForkedBooter.java:562)
at org.apache.maven.surefire.booter.ForkedBooter.main(ForkedBooter.java:548)
]]>
            </full-stacktrace>
          </exception> <!-- org.openqa.selenium.ElementNotInteractableException -->
          <reporter-output>
          </reporter-output>
        </test-method> <!-- invalid_emailAndPassword_LoginTest3 -->
        <test-method status="PASS" signature="methodLevelSetUP()[pri:0, instance:com.tests.LoginTest@11438d26]" name="methodLevelSetUP" is-config="true" duration-ms="1" started-at="2021-07-17T15:59:24 BDT" finished-at="2021-07-17T15:59:24 BDT">
          <reporter-output>
          </reporter-output>
        </test-method> <!-- methodLevelSetUP -->
        <test-method status="FAIL" signature="invalid_emailAndPassword_LoginTest3(java.lang.reflect.Method)[pri:2, instance:com.tests.LoginTest@11438d26]" name="invalid_emailAndPassword_LoginTest3" duration-ms="1275" started-at="2021-07-17T15:59:24 BDT" finished-at="2021-07-17T15:59:25 BDT">
          <params>
            <param index="0">
              <value>
                <![CDATA[public void com.tests.LoginTest.invalid_emailAndPassword_LoginTest3(java.lang.reflect.Method)]]>
              </value>
            </param>
          </params>
          <exception class="org.openqa.selenium.ElementNotInteractableException">
            <message>
              <![CDATA[Element <span class="hidden-xs hidden-sm hidden-md"> could not be scrolled into view
Build info: version: '4.0.0-beta-4', revision: '29f46d02dd'
System info: host: 'LAPTOP-EM2ICHMI', ip: '192.168.58.102', os.name: 'Windows 10', os.arch: 'amd64', os.version: '10.0', java.version: '1.8.0_281'
Driver info: org.openqa.selenium.firefox.FirefoxDriver
Command: [734a3996-b1ba-463b-a660-a7d36361be7e, clickElement {id=def22e21-0aa2-4c89-86ba-8da6829c022c}]
Capabilities {acceptInsecureCerts: true, browserName: firefox, browserVersion: 89.0.1, javascriptEnabled: true, moz:accessibilityChecks: false, moz:buildID: 20210614221319, moz:debuggerAddress: localhost:63699, moz:geckodriverVersion: 0.29.0, moz:headless: false, moz:processID: 6220, moz:profile: C:\Windows\Temp\rust_mozpro..., moz:shutdownTimeout: 60000, moz:useNonSpecCompliantPointerOrigin: false, moz:webdriverClick: true, pageLoadStrategy: normal, platform: WINDOWS, platformName: WINDOWS, platformVersion: 10.0, se:cdp: ws://localhost:63699/devtoo..., se:cdpVersion: 85, setWindowRect: true, strictFileInteractability: false, timeouts: {implicit: 0, pageLoad: 300000, script: 30000}, unhandledPromptBehavior: dismiss and notify}
Element: [[FirefoxDriver: firefox on WINDOWS (734a3996-b1ba-463b-a660-a7d36361be7e)] -> xpath: //span[contains(text(),'My Account')]]
Session ID: 734a3996-b1ba-463b-a660-a7d36361be7e]]>
            </message>
            <full-stacktrace>
              <![CDATA[org.openqa.selenium.ElementNotInteractableException: Element <span class="hidden-xs hidden-sm hidden-md"> could not be scrolled into view
Build info: version: '4.0.0-beta-4', revision: '29f46d02dd'
System info: host: 'LAPTOP-EM2ICHMI', ip: '192.168.58.102', os.name: 'Windows 10', os.arch: 'amd64', os.version: '10.0', java.version: '1.8.0_281'
Driver info: org.openqa.selenium.firefox.FirefoxDriver
Command: [734a3996-b1ba-463b-a660-a7d36361be7e, clickElement {id=def22e21-0aa2-4c89-86ba-8da6829c022c}]
Capabilities {acceptInsecureCerts: true, browserName: firefox, browserVersion: 89.0.1, javascriptEnabled: true, moz:accessibilityChecks: false, moz:buildID: 20210614221319, moz:debuggerAddress: localhost:63699, moz:geckodriverVersion: 0.29.0, moz:headless: false, moz:processID: 6220, moz:profile: C:\Windows\Temp\rust_mozpro..., moz:shutdownTimeout: 60000, moz:useNonSpecCompliantPointerOrigin: false, moz:webdriverClick: true, pageLoadStrategy: normal, platform: WINDOWS, platformName: WINDOWS, platformVersion: 10.0, se:cdp: ws://localhost:63699/devtoo..., se:cdpVersion: 85, setWindowRect: true, strictFileInteractability: false, timeouts: {implicit: 0, pageLoad: 300000, script: 30000}, unhandledPromptBehavior: dismiss and notify}
Element: [[FirefoxDriver: firefox on WINDOWS (734a3996-b1ba-463b-a660-a7d36361be7e)] -> xpath: //span[contains(text(),'My Account')]]
Session ID: 734a3996-b1ba-463b-a660-a7d36361be7e
at sun.reflect.NativeConstructorAccessorImpl.newInstance0(Native Method)
at sun.reflect.NativeConstructorAccessorImpl.newInstance(NativeConstructorAccessorImpl.java:62)
at sun.reflect.DelegatingConstructorAccessorImpl.newInstance(DelegatingConstructorAccessorImpl.java:45)
at java.lang.reflect.Constructor.newInstance(Constructor.java:423)
at org.openqa.selenium.remote.codec.w3c.W3CHttpResponseCodec.createException(W3CHttpResponseCodec.java:200)
at org.openqa.selenium.remote.codec.w3c.W3CHttpResponseCodec.decode(W3CHttpResponseCodec.java:133)
at org.openqa.selenium.remote.codec.w3c.W3CHttpResponseCodec.decode(W3CHttpResponseCodec.java:53)
at org.openqa.selenium.remote.HttpCommandExecutor.execute(HttpCommandExecutor.java:184)
at org.openqa.selenium.remote.service.DriverCommandExecutor.invokeExecute(DriverCommandExecutor.java:162)
at org.openqa.selenium.remote.service.DriverCommandExecutor.execute(DriverCommandExecutor.java:137)
at org.openqa.selenium.remote.RemoteWebDriver.execute(RemoteWebDriver.java:612)
at org.openqa.selenium.remote.RemoteWebElement.execute(RemoteWebElement.java:235)
at org.openqa.selenium.remote.RemoteWebElement.click(RemoteWebElement.java:73)
at com.pages.HomePage.goToLoginPage(HomePage.java:35)
at com.tests.LoginTest.invalid_emailAndPassword_LoginTest3(LoginTest.java:28)
at sun.reflect.NativeMethodAccessorImpl.invoke0(Native Method)
at sun.reflect.NativeMethodAccessorImpl.invoke(NativeMethodAccessorImpl.java:62)
at sun.reflect.DelegatingMethodAccessorImpl.invoke(DelegatingMethodAccessorImpl.java:43)
at java.lang.reflect.Method.invoke(Method.java:498)
at org.testng.internal.MethodInvocationHelper.invokeMethod(MethodInvocationHelper.java:133)
at org.testng.internal.TestInvoker.invokeMethod(TestInvoker.java:598)
at org.testng.internal.TestInvoker.retryFailed(TestInvoker.java:213)
at org.testng.internal.MethodRunner.runInSequence(MethodRunner.java:58)
at org.testng.internal.TestInvoker$MethodInvocationAgent.invoke(TestInvoker.java:824)
at org.testng.internal.TestInvoker.invokeTestMethods(TestInvoker.java:146)
at org.testng.internal.TestMethodWorker.invokeTestMethods(TestMethodWorker.java:146)
at org.testng.internal.TestMethodWorker.run(TestMethodWorker.java:128)
at java.util.ArrayList.forEach(ArrayList.java:1259)
at org.testng.TestRunner.privateRun(TestRunner.java:794)
at org.testng.TestRunner.run(TestRunner.java:596)
at org.testng.SuiteRunner.runTest(SuiteRunner.java:377)
at org.testng.SuiteRunner.runSequentially(SuiteRunner.java:371)
at org.testng.SuiteRunner.privateRun(SuiteRunner.java:332)
at org.testng.SuiteRunner.run(SuiteRunner.java:276)
at org.testng.SuiteRunnerWorker.runSuite(SuiteRunnerWorker.java:53)
at org.testng.SuiteRunnerWorker.run(SuiteRunnerWorker.java:96)
at org.testng.TestNG.runSuitesSequentially(TestNG.java:1212)
at org.testng.TestNG.runSuitesLocally(TestNG.java:1134)
at org.testng.TestNG.runSuites(TestNG.java:1063)
at org.testng.TestNG.run(TestNG.java:1031)
at org.apache.maven.surefire.testng.TestNGExecutor.run(TestNGExecutor.java:284)
at org.apache.maven.surefire.testng.TestNGXmlTestSuite.execute(TestNGXmlTestSuite.java:75)
at org.apache.maven.surefire.testng.TestNGProvider.invoke(TestNGProvider.java:119)
at org.apache.maven.surefire.booter.ForkedBooter.runSuitesInProcess(ForkedBooter.java:428)
at org.apache.maven.surefire.booter.ForkedBooter.execute(ForkedBooter.java:162)
at org.apache.maven.surefire.booter.ForkedBooter.run(ForkedBooter.java:562)
at org.apache.maven.surefire.booter.ForkedBooter.main(ForkedBooter.java:548)
]]>
            </full-stacktrace>
          </exception> <!-- org.openqa.selenium.ElementNotInteractableException -->
          <reporter-output>
          </reporter-output>
        </test-method> <!-- invalid_emailAndPassword_LoginTest3 -->
        <test-method status="PASS" signature="methodLevelSetUP()[pri:0, instance:com.tests.LoginTest@11438d26]" name="methodLevelSetUP" is-config="true" duration-ms="1" started-at="2021-07-17T15:59:25 BDT" finished-at="2021-07-17T15:59:25 BDT">
          <reporter-output>
          </reporter-output>
        </test-method> <!-- methodLevelSetUP -->
        <test-method status="SKIP" signature="valid_emailAndPassword_LoginTest(java.lang.reflect.Method)[pri:3, instance:com.tests.LoginTest@11438d26]" name="valid_emailAndPassword_LoginTest" duration-ms="1377" retried="true" started-at="2021-07-17T15:59:25 BDT" finished-at="2021-07-17T15:59:27 BDT">
          <params>
            <param index="0">
              <value>
                <![CDATA[public void com.tests.LoginTest.valid_emailAndPassword_LoginTest(java.lang.reflect.Method)]]>
              </value>
            </param>
          </params>
          <exception class="org.openqa.selenium.ElementNotInteractableException">
            <message>
              <![CDATA[Element <span class="hidden-xs hidden-sm hidden-md"> could not be scrolled into view
Build info: version: '4.0.0-beta-4', revision: '29f46d02dd'
System info: host: 'LAPTOP-EM2ICHMI', ip: '192.168.58.102', os.name: 'Windows 10', os.arch: 'amd64', os.version: '10.0', java.version: '1.8.0_281'
Driver info: org.openqa.selenium.firefox.FirefoxDriver
Command: [734a3996-b1ba-463b-a660-a7d36361be7e, clickElement {id=e3d680f6-79d0-44b0-ad34-52043022e3c1}]
Capabilities {acceptInsecureCerts: true, browserName: firefox, browserVersion: 89.0.1, javascriptEnabled: true, moz:accessibilityChecks: false, moz:buildID: 20210614221319, moz:debuggerAddress: localhost:63699, moz:geckodriverVersion: 0.29.0, moz:headless: false, moz:processID: 6220, moz:profile: C:\Windows\Temp\rust_mozpro..., moz:shutdownTimeout: 60000, moz:useNonSpecCompliantPointerOrigin: false, moz:webdriverClick: true, pageLoadStrategy: normal, platform: WINDOWS, platformName: WINDOWS, platformVersion: 10.0, se:cdp: ws://localhost:63699/devtoo..., se:cdpVersion: 85, setWindowRect: true, strictFileInteractability: false, timeouts: {implicit: 0, pageLoad: 300000, script: 30000}, unhandledPromptBehavior: dismiss and notify}
Element: [[FirefoxDriver: firefox on WINDOWS (734a3996-b1ba-463b-a660-a7d36361be7e)] -> xpath: //span[contains(text(),'My Account')]]
Session ID: 734a3996-b1ba-463b-a660-a7d36361be7e]]>
            </message>
            <full-stacktrace>
              <![CDATA[org.openqa.selenium.ElementNotInteractableException: Element <span class="hidden-xs hidden-sm hidden-md"> could not be scrolled into view
Build info: version: '4.0.0-beta-4', revision: '29f46d02dd'
System info: host: 'LAPTOP-EM2ICHMI', ip: '192.168.58.102', os.name: 'Windows 10', os.arch: 'amd64', os.version: '10.0', java.version: '1.8.0_281'
Driver info: org.openqa.selenium.firefox.FirefoxDriver
Command: [734a3996-b1ba-463b-a660-a7d36361be7e, clickElement {id=e3d680f6-79d0-44b0-ad34-52043022e3c1}]
Capabilities {acceptInsecureCerts: true, browserName: firefox, browserVersion: 89.0.1, javascriptEnabled: true, moz:accessibilityChecks: false, moz:buildID: 20210614221319, moz:debuggerAddress: localhost:63699, moz:geckodriverVersion: 0.29.0, moz:headless: false, moz:processID: 6220, moz:profile: C:\Windows\Temp\rust_mozpro..., moz:shutdownTimeout: 60000, moz:useNonSpecCompliantPointerOrigin: false, moz:webdriverClick: true, pageLoadStrategy: normal, platform: WINDOWS, platformName: WINDOWS, platformVersion: 10.0, se:cdp: ws://localhost:63699/devtoo..., se:cdpVersion: 85, setWindowRect: true, strictFileInteractability: false, timeouts: {implicit: 0, pageLoad: 300000, script: 30000}, unhandledPromptBehavior: dismiss and notify}
Element: [[FirefoxDriver: firefox on WINDOWS (734a3996-b1ba-463b-a660-a7d36361be7e)] -> xpath: //span[contains(text(),'My Account')]]
Session ID: 734a3996-b1ba-463b-a660-a7d36361be7e
at sun.reflect.NativeConstructorAccessorImpl.newInstance0(Native Method)
at sun.reflect.NativeConstructorAccessorImpl.newInstance(NativeConstructorAccessorImpl.java:62)
at sun.reflect.DelegatingConstructorAccessorImpl.newInstance(DelegatingConstructorAccessorImpl.java:45)
at java.lang.reflect.Constructor.newInstance(Constructor.java:423)
at org.openqa.selenium.remote.codec.w3c.W3CHttpResponseCodec.createException(W3CHttpResponseCodec.java:200)
at org.openqa.selenium.remote.codec.w3c.W3CHttpResponseCodec.decode(W3CHttpResponseCodec.java:133)
at org.openqa.selenium.remote.codec.w3c.W3CHttpResponseCodec.decode(W3CHttpResponseCodec.java:53)
at org.openqa.selenium.remote.HttpCommandExecutor.execute(HttpCommandExecutor.java:184)
at org.openqa.selenium.remote.service.DriverCommandExecutor.invokeExecute(DriverCommandExecutor.java:162)
at org.openqa.selenium.remote.service.DriverCommandExecutor.execute(DriverCommandExecutor.java:137)
at org.openqa.selenium.remote.RemoteWebDriver.execute(RemoteWebDriver.java:612)
at org.openqa.selenium.remote.RemoteWebElement.execute(RemoteWebElement.java:235)
at org.openqa.selenium.remote.RemoteWebElement.click(RemoteWebElement.java:73)
at com.pages.HomePage.goToLoginPage(HomePage.java:35)
at com.tests.LoginTest.valid_emailAndPassword_LoginTest(LoginTest.java:34)
at sun.reflect.NativeMethodAccessorImpl.invoke0(Native Method)
at sun.reflect.NativeMethodAccessorImpl.invoke(NativeMethodAccessorImpl.java:62)
at sun.reflect.DelegatingMethodAccessorImpl.invoke(DelegatingMethodAccessorImpl.java:43)
at java.lang.reflect.Method.invoke(Method.java:498)
at org.testng.internal.MethodInvocationHelper.invokeMethod(MethodInvocationHelper.java:133)
at org.testng.internal.TestInvoker.invokeMethod(TestInvoker.java:598)
at org.testng.internal.TestInvoker.invokeTestMethod(TestInvoker.java:173)
at org.testng.internal.MethodRunner.runInSequence(MethodRunner.java:46)
at org.testng.internal.TestInvoker$MethodInvocationAgent.invoke(TestInvoker.java:824)
at org.testng.internal.TestInvoker.invokeTestMethods(TestInvoker.java:146)
at org.testng.internal.TestMethodWorker.invokeTestMethods(TestMethodWorker.java:146)
at org.testng.internal.TestMethodWorker.run(TestMethodWorker.java:128)
at java.util.ArrayList.forEach(ArrayList.java:1259)
at org.testng.TestRunner.privateRun(TestRunner.java:794)
at org.testng.TestRunner.run(TestRunner.java:596)
at org.testng.SuiteRunner.runTest(SuiteRunner.java:377)
at org.testng.SuiteRunner.runSequentially(SuiteRunner.java:371)
at org.testng.SuiteRunner.privateRun(SuiteRunner.java:332)
at org.testng.SuiteRunner.run(SuiteRunner.java:276)
at org.testng.SuiteRunnerWorker.runSuite(SuiteRunnerWorker.java:53)
at org.testng.SuiteRunnerWorker.run(SuiteRunnerWorker.java:96)
at org.testng.TestNG.runSuitesSequentially(TestNG.java:1212)
at org.testng.TestNG.runSuitesLocally(TestNG.java:1134)
at org.testng.TestNG.runSuites(TestNG.java:1063)
at org.testng.TestNG.run(TestNG.java:1031)
at org.apache.maven.surefire.testng.TestNGExecutor.run(TestNGExecutor.java:284)
at org.apache.maven.surefire.testng.TestNGXmlTestSuite.execute(TestNGXmlTestSuite.java:75)
at org.apache.maven.surefire.testng.TestNGProvider.invoke(TestNGProvider.java:119)
at org.apache.maven.surefire.booter.ForkedBooter.runSuitesInProcess(ForkedBooter.java:428)
at org.apache.maven.surefire.booter.ForkedBooter.execute(ForkedBooter.java:162)
at org.apache.maven.surefire.booter.ForkedBooter.run(ForkedBooter.java:562)
at org.apache.maven.surefire.booter.ForkedBooter.main(ForkedBooter.java:548)
]]>
            </full-stacktrace>
          </exception> <!-- org.openqa.selenium.ElementNotInteractableException -->
          <reporter-output>
          </reporter-output>
        </test-method> <!-- valid_emailAndPassword_LoginTest -->
        <test-method status="PASS" signature="methodLevelSetUP()[pri:0, instance:com.tests.LoginTest@11438d26]" name="methodLevelSetUP" is-config="true" duration-ms="1" started-at="2021-07-17T15:59:27 BDT" finished-at="2021-07-17T15:59:27 BDT">
          <reporter-output>
          </reporter-output>
        </test-method> <!-- methodLevelSetUP -->
        <test-method status="FAIL" signature="valid_emailAndPassword_LoginTest(java.lang.reflect.Method)[pri:3, instance:com.tests.LoginTest@11438d26]" name="valid_emailAndPassword_LoginTest" duration-ms="1297" started-at="2021-07-17T15:59:27 BDT" finished-at="2021-07-17T15:59:28 BDT">
          <params>
            <param index="0">
              <value>
                <![CDATA[public void com.tests.LoginTest.valid_emailAndPassword_LoginTest(java.lang.reflect.Method)]]>
              </value>
            </param>
          </params>
          <exception class="org.openqa.selenium.ElementNotInteractableException">
            <message>
              <![CDATA[Element <span class="hidden-xs hidden-sm hidden-md"> could not be scrolled into view
Build info: version: '4.0.0-beta-4', revision: '29f46d02dd'
System info: host: 'LAPTOP-EM2ICHMI', ip: '192.168.58.102', os.name: 'Windows 10', os.arch: 'amd64', os.version: '10.0', java.version: '1.8.0_281'
Driver info: org.openqa.selenium.firefox.FirefoxDriver
Command: [734a3996-b1ba-463b-a660-a7d36361be7e, clickElement {id=dc535720-ae6d-46ef-bd4b-b3e7458006af}]
Capabilities {acceptInsecureCerts: true, browserName: firefox, browserVersion: 89.0.1, javascriptEnabled: true, moz:accessibilityChecks: false, moz:buildID: 20210614221319, moz:debuggerAddress: localhost:63699, moz:geckodriverVersion: 0.29.0, moz:headless: false, moz:processID: 6220, moz:profile: C:\Windows\Temp\rust_mozpro..., moz:shutdownTimeout: 60000, moz:useNonSpecCompliantPointerOrigin: false, moz:webdriverClick: true, pageLoadStrategy: normal, platform: WINDOWS, platformName: WINDOWS, platformVersion: 10.0, se:cdp: ws://localhost:63699/devtoo..., se:cdpVersion: 85, setWindowRect: true, strictFileInteractability: false, timeouts: {implicit: 0, pageLoad: 300000, script: 30000}, unhandledPromptBehavior: dismiss and notify}
Element: [[FirefoxDriver: firefox on WINDOWS (734a3996-b1ba-463b-a660-a7d36361be7e)] -> xpath: //span[contains(text(),'My Account')]]
Session ID: 734a3996-b1ba-463b-a660-a7d36361be7e]]>
            </message>
            <full-stacktrace>
              <![CDATA[org.openqa.selenium.ElementNotInteractableException: Element <span class="hidden-xs hidden-sm hidden-md"> could not be scrolled into view
Build info: version: '4.0.0-beta-4', revision: '29f46d02dd'
System info: host: 'LAPTOP-EM2ICHMI', ip: '192.168.58.102', os.name: 'Windows 10', os.arch: 'amd64', os.version: '10.0', java.version: '1.8.0_281'
Driver info: org.openqa.selenium.firefox.FirefoxDriver
Command: [734a3996-b1ba-463b-a660-a7d36361be7e, clickElement {id=dc535720-ae6d-46ef-bd4b-b3e7458006af}]
Capabilities {acceptInsecureCerts: true, browserName: firefox, browserVersion: 89.0.1, javascriptEnabled: true, moz:accessibilityChecks: false, moz:buildID: 20210614221319, moz:debuggerAddress: localhost:63699, moz:geckodriverVersion: 0.29.0, moz:headless: false, moz:processID: 6220, moz:profile: C:\Windows\Temp\rust_mozpro..., moz:shutdownTimeout: 60000, moz:useNonSpecCompliantPointerOrigin: false, moz:webdriverClick: true, pageLoadStrategy: normal, platform: WINDOWS, platformName: WINDOWS, platformVersion: 10.0, se:cdp: ws://localhost:63699/devtoo..., se:cdpVersion: 85, setWindowRect: true, strictFileInteractability: false, timeouts: {implicit: 0, pageLoad: 300000, script: 30000}, unhandledPromptBehavior: dismiss and notify}
Element: [[FirefoxDriver: firefox on WINDOWS (734a3996-b1ba-463b-a660-a7d36361be7e)] -> xpath: //span[contains(text(),'My Account')]]
Session ID: 734a3996-b1ba-463b-a660-a7d36361be7e
at sun.reflect.NativeConstructorAccessorImpl.newInstance0(Native Method)
at sun.reflect.NativeConstructorAccessorImpl.newInstance(NativeConstructorAccessorImpl.java:62)
at sun.reflect.DelegatingConstructorAccessorImpl.newInstance(DelegatingConstructorAccessorImpl.java:45)
at java.lang.reflect.Constructor.newInstance(Constructor.java:423)
at org.openqa.selenium.remote.codec.w3c.W3CHttpResponseCodec.createException(W3CHttpResponseCodec.java:200)
at org.openqa.selenium.remote.codec.w3c.W3CHttpResponseCodec.decode(W3CHttpResponseCodec.java:133)
at org.openqa.selenium.remote.codec.w3c.W3CHttpResponseCodec.decode(W3CHttpResponseCodec.java:53)
at org.openqa.selenium.remote.HttpCommandExecutor.execute(HttpCommandExecutor.java:184)
at org.openqa.selenium.remote.service.DriverCommandExecutor.invokeExecute(DriverCommandExecutor.java:162)
at org.openqa.selenium.remote.service.DriverCommandExecutor.execute(DriverCommandExecutor.java:137)
at org.openqa.selenium.remote.RemoteWebDriver.execute(RemoteWebDriver.java:612)
at org.openqa.selenium.remote.RemoteWebElement.execute(RemoteWebElement.java:235)
at org.openqa.selenium.remote.RemoteWebElement.click(RemoteWebElement.java:73)
at com.pages.HomePage.goToLoginPage(HomePage.java:35)
at com.tests.LoginTest.valid_emailAndPassword_LoginTest(LoginTest.java:34)
at sun.reflect.NativeMethodAccessorImpl.invoke0(Native Method)
at sun.reflect.NativeMethodAccessorImpl.invoke(NativeMethodAccessorImpl.java:62)
at sun.reflect.DelegatingMethodAccessorImpl.invoke(DelegatingMethodAccessorImpl.java:43)
at java.lang.reflect.Method.invoke(Method.java:498)
at org.testng.internal.MethodInvocationHelper.invokeMethod(MethodInvocationHelper.java:133)
at org.testng.internal.TestInvoker.invokeMethod(TestInvoker.java:598)
at org.testng.internal.TestInvoker.retryFailed(TestInvoker.java:213)
at org.testng.internal.MethodRunner.runInSequence(MethodRunner.java:58)
at org.testng.internal.TestInvoker$MethodInvocationAgent.invoke(TestInvoker.java:824)
at org.testng.internal.TestInvoker.invokeTestMethods(TestInvoker.java:146)
at org.testng.internal.TestMethodWorker.invokeTestMethods(TestMethodWorker.java:146)
at org.testng.internal.TestMethodWorker.run(TestMethodWorker.java:128)
at java.util.ArrayList.forEach(ArrayList.java:1259)
at org.testng.TestRunner.privateRun(TestRunner.java:794)
at org.testng.TestRunner.run(TestRunner.java:596)
at org.testng.SuiteRunner.runTest(SuiteRunner.java:377)
at org.testng.SuiteRunner.runSequentially(SuiteRunner.java:371)
at org.testng.SuiteRunner.privateRun(SuiteRunner.java:332)
at org.testng.SuiteRunner.run(SuiteRunner.java:276)
at org.testng.SuiteRunnerWorker.runSuite(SuiteRunnerWorker.java:53)
at org.testng.SuiteRunnerWorker.run(SuiteRunnerWorker.java:96)
at org.testng.TestNG.runSuitesSequentially(TestNG.java:1212)
at org.testng.TestNG.runSuitesLocally(TestNG.java:1134)
at org.testng.TestNG.runSuites(TestNG.java:1063)
at org.testng.TestNG.run(TestNG.java:1031)
at org.apache.maven.surefire.testng.TestNGExecutor.run(TestNGExecutor.java:284)
at org.apache.maven.surefire.testng.TestNGXmlTestSuite.execute(TestNGXmlTestSuite.java:75)
at org.apache.maven.surefire.testng.TestNGProvider.invoke(TestNGProvider.java:119)
at org.apache.maven.surefire.booter.ForkedBooter.runSuitesInProcess(ForkedBooter.java:428)
at org.apache.maven.surefire.booter.ForkedBooter.execute(ForkedBooter.java:162)
at org.apache.maven.surefire.booter.ForkedBooter.run(ForkedBooter.java:562)
at org.apache.maven.surefire.booter.ForkedBooter.main(ForkedBooter.java:548)
]]>
            </full-stacktrace>
          </exception> <!-- org.openqa.selenium.ElementNotInteractableException -->
          <reporter-output>
          </reporter-output>
        </test-method> <!-- valid_emailAndPassword_LoginTest -->
        <test-method status="PASS" signature="tearDown()[pri:0, instance:com.tests.LoginTest@11438d26]" name="tearDown" is-config="true" duration-ms="1603" started-at="2021-07-17T15:59:28 BDT" finished-at="2021-07-17T15:59:30 BDT">
          <reporter-output>
          </reporter-output>
        </test-method> <!-- tearDown -->
      </class> <!-- com.tests.LoginTest -->
    </test> <!-- POMframeworkWithExtentReportCOPY -->
  </suite> <!-- All Test Suite -->
</testng-results>
