<?xml version="1.0" encoding="UTF-8"?>
<testsuite xmlns:xsi="http://www.w3.org/2001/XMLSchema-instance" xsi:noNamespaceSchemaLocation="https://maven.apache.org/surefire/maven-surefire-plugin/xsd/surefire-test-report-3.0.xsd" version="3.0" name="TestSuite" time="25.988" tests="9" errors="0" skipped="4" failures="4">
  <properties>
[...]
</properties>
  <testcase name="invalid_emailAndPassword_LoginTest1[public void com.tests.LoginTest.invalid_emailAndPassword_LoginTest1(java.lang.reflect.Method)](1)" classname="com.tests.LoginTest" time="0">
    <skipped message="Element &lt;span class=&quot;hidden-xs hidden-sm hidden-md&quot;&gt; could not be scrolled into view&#10;Build info: version: &apos;4.0.0-beta-4&apos;, revision: &apos;29f46d02dd&apos;&#10;System info: host: &apos;LAPTOP-EM2ICHMI&apos;, ip: &apos;192.168.58.102&apos;, os.name: &apos;Windows 10&apos;, os.arch: &apos;amd64&apos;, os.version: &apos;10.0&apos;, java.version: &apos;1.8.0_281&apos;&#10;Driver info: org.openqa.selenium.firefox.FirefoxDriver&#10;Command: [35fc842d-364d-456b-8697-5efb65681659, clickElement {id=5d08d0a8-7e5f-4ac4-9c98-ff025feccbc4}]&#10;Capabilities {acceptInsecureCerts: true, browserName: firefox, browserVersion: 89.0.1, javascriptEnabled: true, moz:accessibilityChecks: false, moz:buildID: 20210614221319, moz:debuggerAddress: localhost:62371, moz:geckodriverVersion: 0.29.0, moz:headless: false, moz:processID: 16116, moz:profile: C:\Windows\Temp\rust_mozpro..., moz:shutdownTimeout: 60000, moz:useNonSpecCompliantPointerOrigin: false, moz:webdriverClick: true, pageLoadStrategy: normal, platform: WINDOWS, platformName: WINDOWS, platformVersion: 10.0, se:cdp: ws://localhost:62371/devtoo..., se:cdpVersion: 85, setWindowRect: true, strictFileInteractability: false, timeouts: {implicit: 0, pageLoad: 300000, script: 30000}, unhandledPromptBehavior: dismiss and notify}&#10;Element: [[FirefoxDriver: firefox on WINDOWS (35fc842d-364d-456b-8697-5efb65681659)] -&gt; xpath: //span[contains(text(),&apos;My Account&apos;)]]&#10;Session ID: 35fc842d-364d-456b-8697-5efb65681659"/>
    <system-out><![CDATA[[INFO ] 2021-07-10 01:04:33.065 [main] Log - I am in onStart method POMframeworkWithExtentReportCOPY
[INFO ] 2021-07-10 01:04:33.115 [main] Log - test is starting ....
[INFO ] 2021-07-10 01:04:41.144 [main] Log - invalid_emailAndPassword_LoginTest1 test is starting.
[INFO ] 2021-07-10 01:04:41.647 [main] Log - go to opencart home page
[INFO ] 2021-07-10 01:04:43.771 [main] Log - go to login page 
[INFO ] 2021-07-10 01:04:44.097 [main] Log - invalid_emailAndPassword_LoginTest1 test is skipped.
]]></system-out>
    <system-err><![CDATA[SLF4J: Failed to load class "org.slf4j.impl.StaticLoggerBinder".
SLF4J: Defaulting to no-operation (NOP) logger implementation
SLF4J: See http://www.slf4j.org/codes.html#StaticLoggerBinder for further details.
1625857474298	geckodriver	INFO	Listening on 127.0.0.1:11367
1625857475975	mozrunner::runner	INFO	Running command: "C:\\Program Files (x86)\\Mozilla Firefox\\firefox.exe" "--marionette" "--remote-debugging-port" "0" "-foreground" "-no-remote" "-profile" "C:\\WINDOWS\\TEMP\\rust_mozprofilej4L3UB"
1625857477163	Marionette	INFO	Marionette enabled
[GFX1-]: RcANGLE(no compositor window)
[GFX1-]: Failed to connect WebRenderBridgeChild.
[GFX1-]: Fallback WR to SW-WR
[GFX1-]: [D3D11] create swap chain failed: 0x887a0022, 0
[GFX1-]: Failed to initialize CompositorD3D11 for SWGL: FEATURE_FAILURE_D3D11_SWAP_CHAIN
console.warn: SearchSettings: "get: No settings file exists, new profile?" (new NotFoundError("Could not open the file at C:\\Windows\\Temp\\rust_mozprofilej4L3UB\\search.json.mozlz4", (void 0)))
[GFX1-]: [D3D11] create swap chain failed: 0x887a0022, 0
[GFX1-]: Failed to initialize CompositorD3D11 for SWGL: FEATURE_FAILURE_D3D11_SWAP_CHAIN
DevTools listening on ws://localhost:62371/devtools/browser/17a1c678-725c-4882-931b-47dfe0f5d699
1625857480503	Marionette	INFO	Listening on port 54974
1625857480796	Marionette	WARN	TLS certificate errors will be ignored for this session
Jul 10, 2021 1:04:40 AM org.openqa.selenium.remote.ProtocolHandshake createSession
INFO: Detected dialect: W3C
]]></system-err>
  </testcase>
  <testcase name="invalid_emailAndPassword_LoginTest1[public void com.tests.LoginTest.invalid_emailAndPassword_LoginTest1(java.lang.reflect.Method)](2)" classname="com.tests.LoginTest" time="1.552">
    <failure message="Element &lt;span class=&quot;hidden-xs hidden-sm hidden-md&quot;&gt; could not be scrolled into view&#10;Build info: version: &apos;4.0.0-beta-4&apos;, revision: &apos;29f46d02dd&apos;&#10;System info: host: &apos;LAPTOP-EM2ICHMI&apos;, ip: &apos;192.168.58.102&apos;, os.name: &apos;Windows 10&apos;, os.arch: &apos;amd64&apos;, os.version: &apos;10.0&apos;, java.version: &apos;1.8.0_281&apos;&#10;Driver info: org.openqa.selenium.firefox.FirefoxDriver&#10;Command: [35fc842d-364d-456b-8697-5efb65681659, clickElement {id=84aa1b30-d824-47ff-afb4-a9d9bbf32c2e}]&#10;Capabilities {acceptInsecureCerts: true, browserName: firefox, browserVersion: 89.0.1, javascriptEnabled: true, moz:accessibilityChecks: false, moz:buildID: 20210614221319, moz:debuggerAddress: localhost:62371, moz:geckodriverVersion: 0.29.0, moz:headless: false, moz:processID: 16116, moz:profile: C:\Windows\Temp\rust_mozpro..., moz:shutdownTimeout: 60000, moz:useNonSpecCompliantPointerOrigin: false, moz:webdriverClick: true, pageLoadStrategy: normal, platform: WINDOWS, platformName: WINDOWS, platformVersion: 10.0, se:cdp: ws://localhost:62371/devtoo..., se:cdpVersion: 85, setWindowRect: true, strictFileInteractability: false, timeouts: {implicit: 0, pageLoad: 300000, script: 30000}, unhandledPromptBehavior: dismiss and notify}&#10;Element: [[FirefoxDriver: firefox on WINDOWS (35fc842d-364d-456b-8697-5efb65681659)] -&gt; xpath: //span[contains(text(),&apos;My Account&apos;)]]&#10;Session ID: 35fc842d-364d-456b-8697-5efb65681659" type="org.openqa.selenium.ElementNotInteractableException"><![CDATA[org.openqa.selenium.ElementNotInteractableException: 
Element <span class="hidden-xs hidden-sm hidden-md"> could not be scrolled into view
Build info: version: '4.0.0-beta-4', revision: '29f46d02dd'
System info: host: 'LAPTOP-EM2ICHMI', ip: '192.168.58.102', os.name: 'Windows 10', os.arch: 'amd64', os.version: '10.0', java.version: '1.8.0_281'
Driver info: org.openqa.selenium.firefox.FirefoxDriver
Command: [35fc842d-364d-456b-8697-5efb65681659, clickElement {id=84aa1b30-d824-47ff-afb4-a9d9bbf32c2e}]
Capabilities {acceptInsecureCerts: true, browserName: firefox, browserVersion: 89.0.1, javascriptEnabled: true, moz:accessibilityChecks: false, moz:buildID: 20210614221319, moz:debuggerAddress: localhost:62371, moz:geckodriverVersion: 0.29.0, moz:headless: false, moz:processID: 16116, moz:profile: C:\Windows\Temp\rust_mozpro..., moz:shutdownTimeout: 60000, moz:useNonSpecCompliantPointerOrigin: false, moz:webdriverClick: true, pageLoadStrategy: normal, platform: WINDOWS, platformName: WINDOWS, platformVersion: 10.0, se:cdp: ws://localhost:62371/devtoo..., se:cdpVersion: 85, setWindowRect: true, strictFileInteractability: false, timeouts: {implicit: 0, pageLoad: 300000, script: 30000}, unhandledPromptBehavior: dismiss and notify}
Element: [[FirefoxDriver: firefox on WINDOWS (35fc842d-364d-456b-8697-5efb65681659)] -> xpath: //span[contains(text(),'My Account')]]
Session ID: 35fc842d-364d-456b-8697-5efb65681659
	at com.tests.LoginTest.invalid_emailAndPassword_LoginTest1(LoginTest.java:14)
]]></failure>
    <system-out><![CDATA[[INFO ] 2021-07-10 01:04:44.107 [main] Log - invalid_emailAndPassword_LoginTest1 test is starting.
[INFO ] 2021-07-10 01:04:44.107 [main] Log - go to opencart home page
[INFO ] 2021-07-10 01:04:45.437 [main] Log - go to login page 
[INFO ] 2021-07-10 01:04:45.472 [main] Log - invalid_emailAndPassword_LoginTest1 test is failed.
]]></system-out>
  </testcase>
  <testcase name="testPrint" classname="com.tests.LoginTest" time="0.01">
    <system-out><![CDATA[[INFO ] 2021-07-10 01:04:45.673 [main] Log - testPrint test is starting.
Page Tile : Your Store
[INFO ] 2021-07-10 01:04:45.682 [main] Log - testPrint test is succeed.
]]></system-out>
  </testcase>
  <testcase name="invalid_emailAndPassword_LoginTest2[public void com.tests.LoginTest.invalid_emailAndPassword_LoginTest2(java.lang.reflect.Method)](1)" classname="com.tests.LoginTest" time="0">
    <skipped message="Element &lt;span class=&quot;hidden-xs hidden-sm hidden-md&quot;&gt; could not be scrolled into view&#10;Build info: version: &apos;4.0.0-beta-4&apos;, revision: &apos;29f46d02dd&apos;&#10;System info: host: &apos;LAPTOP-EM2ICHMI&apos;, ip: &apos;192.168.58.102&apos;, os.name: &apos;Windows 10&apos;, os.arch: &apos;amd64&apos;, os.version: &apos;10.0&apos;, java.version: &apos;1.8.0_281&apos;&#10;Driver info: org.openqa.selenium.firefox.FirefoxDriver&#10;Command: [35fc842d-364d-456b-8697-5efb65681659, clickElement {id=7dd085cb-8f97-45fa-83af-1de2b52d7c46}]&#10;Capabilities {acceptInsecureCerts: true, browserName: firefox, browserVersion: 89.0.1, javascriptEnabled: true, moz:accessibilityChecks: false, moz:buildID: 20210614221319, moz:debuggerAddress: localhost:62371, moz:geckodriverVersion: 0.29.0, moz:headless: false, moz:processID: 16116, moz:profile: C:\Windows\Temp\rust_mozpro..., moz:shutdownTimeout: 60000, moz:useNonSpecCompliantPointerOrigin: false, moz:webdriverClick: true, pageLoadStrategy: normal, platform: WINDOWS, platformName: WINDOWS, platformVersion: 10.0, se:cdp: ws://localhost:62371/devtoo..., se:cdpVersion: 85, setWindowRect: true, strictFileInteractability: false, timeouts: {implicit: 0, pageLoad: 300000, script: 30000}, unhandledPromptBehavior: dismiss and notify}&#10;Element: [[FirefoxDriver: firefox on WINDOWS (35fc842d-364d-456b-8697-5efb65681659)] -&gt; xpath: //span[contains(text(),&apos;My Account&apos;)]]&#10;Session ID: 35fc842d-364d-456b-8697-5efb65681659"/>
    <system-out><![CDATA[[INFO ] 2021-07-10 01:04:45.685 [main] Log - invalid_emailAndPassword_LoginTest2 test is starting.
[INFO ] 2021-07-10 01:04:45.685 [main] Log - go to opencart home page
[INFO ] 2021-07-10 01:04:47.127 [main] Log - go to login page 
[INFO ] 2021-07-10 01:04:47.323 [main] Log - invalid_emailAndPassword_LoginTest2 test is skipped.
]]></system-out>
  </testcase>
  <testcase name="invalid_emailAndPassword_LoginTest2[public void com.tests.LoginTest.invalid_emailAndPassword_LoginTest2(java.lang.reflect.Method)](2)" classname="com.tests.LoginTest" time="1.666">
    <failure message="Element &lt;span class=&quot;hidden-xs hidden-sm hidden-md&quot;&gt; could not be scrolled into view&#10;Build info: version: &apos;4.0.0-beta-4&apos;, revision: &apos;29f46d02dd&apos;&#10;System info: host: &apos;LAPTOP-EM2ICHMI&apos;, ip: &apos;192.168.58.102&apos;, os.name: &apos;Windows 10&apos;, os.arch: &apos;amd64&apos;, os.version: &apos;10.0&apos;, java.version: &apos;1.8.0_281&apos;&#10;Driver info: org.openqa.selenium.firefox.FirefoxDriver&#10;Command: [35fc842d-364d-456b-8697-5efb65681659, clickElement {id=bf0b2f55-be3d-4d38-b325-38ebdb39fa95}]&#10;Capabilities {acceptInsecureCerts: true, browserName: firefox, browserVersion: 89.0.1, javascriptEnabled: true, moz:accessibilityChecks: false, moz:buildID: 20210614221319, moz:debuggerAddress: localhost:62371, moz:geckodriverVersion: 0.29.0, moz:headless: false, moz:processID: 16116, moz:profile: C:\Windows\Temp\rust_mozpro..., moz:shutdownTimeout: 60000, moz:useNonSpecCompliantPointerOrigin: false, moz:webdriverClick: true, pageLoadStrategy: normal, platform: WINDOWS, platformName: WINDOWS, platformVersion: 10.0, se:cdp: ws://localhost:62371/devtoo..., se:cdpVersion: 85, setWindowRect: true, strictFileInteractability: false, timeouts: {implicit: 0, pageLoad: 300000, script: 30000}, unhandledPromptBehavior: dismiss and notify}&#10;Element: [[FirefoxDriver: firefox on WINDOWS (35fc842d-364d-456b-8697-5efb65681659)] -&gt; xpath: //span[contains(text(),&apos;My Account&apos;)]]&#10;Session ID: 35fc842d-364d-456b-8697-5efb65681659" type="org.openqa.selenium.ElementNotInteractableException"><![CDATA[org.openqa.selenium.ElementNotInteractableException: 
Element <span class="hidden-xs hidden-sm hidden-md"> could not be scrolled into view
Build info: version: '4.0.0-beta-4', revision: '29f46d02dd'
System info: host: 'LAPTOP-EM2ICHMI', ip: '192.168.58.102', os.name: 'Windows 10', os.arch: 'amd64', os.version: '10.0', java.version: '1.8.0_281'
Driver info: org.openqa.selenium.firefox.FirefoxDriver
Command: [35fc842d-364d-456b-8697-5efb65681659, clickElement {id=bf0b2f55-be3d-4d38-b325-38ebdb39fa95}]
Capabilities {acceptInsecureCerts: true, browserName: firefox, browserVersion: 89.0.1, javascriptEnabled: true, moz:accessibilityChecks: false, moz:buildID: 20210614221319, moz:debuggerAddress: localhost:62371, moz:geckodriverVersion: 0.29.0, moz:headless: false, moz:processID: 16116, moz:profile: C:\Windows\Temp\rust_mozpro..., moz:shutdownTimeout: 60000, moz:useNonSpecCompliantPointerOrigin: false, moz:webdriverClick: true, pageLoadStrategy: normal, platform: WINDOWS, platformName: WINDOWS, platformVersion: 10.0, se:cdp: ws://localhost:62371/devtoo..., se:cdpVersion: 85, setWindowRect: true, strictFileInteractability: false, timeouts: {implicit: 0, pageLoad: 300000, script: 30000}, unhandledPromptBehavior: dismiss and notify}
Element: [[FirefoxDriver: firefox on WINDOWS (35fc842d-364d-456b-8697-5efb65681659)] -> xpath: //span[contains(text(),'My Account')]]
Session ID: 35fc842d-364d-456b-8697-5efb65681659
	at com.tests.LoginTest.invalid_emailAndPassword_LoginTest2(LoginTest.java:21)
]]></failure>
    <system-out><![CDATA[[INFO ] 2021-07-10 01:04:47.326 [main] Log - invalid_emailAndPassword_LoginTest2 test is starting.
[INFO ] 2021-07-10 01:04:47.327 [main] Log - go to opencart home page
[INFO ] 2021-07-10 01:04:48.803 [main] Log - go to login page 
[INFO ] 2021-07-10 01:04:48.833 [main] Log - invalid_emailAndPassword_LoginTest2 test is failed.
]]></system-out>
  </testcase>
  <testcase name="invalid_emailAndPassword_LoginTest3[public void com.tests.LoginTest.invalid_emailAndPassword_LoginTest3(java.lang.reflect.Method)](1)" classname="com.tests.LoginTest" time="0">
    <skipped message="Element &lt;span class=&quot;hidden-xs hidden-sm hidden-md&quot;&gt; could not be scrolled into view&#10;Build info: version: &apos;4.0.0-beta-4&apos;, revision: &apos;29f46d02dd&apos;&#10;System info: host: &apos;LAPTOP-EM2ICHMI&apos;, ip: &apos;192.168.58.102&apos;, os.name: &apos;Windows 10&apos;, os.arch: &apos;amd64&apos;, os.version: &apos;10.0&apos;, java.version: &apos;1.8.0_281&apos;&#10;Driver info: org.openqa.selenium.firefox.FirefoxDriver&#10;Command: [35fc842d-364d-456b-8697-5efb65681659, clickElement {id=6b741741-6310-46d1-912f-c406e362ed82}]&#10;Capabilities {acceptInsecureCerts: true, browserName: firefox, browserVersion: 89.0.1, javascriptEnabled: true, moz:accessibilityChecks: false, moz:buildID: 20210614221319, moz:debuggerAddress: localhost:62371, moz:geckodriverVersion: 0.29.0, moz:headless: false, moz:processID: 16116, moz:profile: C:\Windows\Temp\rust_mozpro..., moz:shutdownTimeout: 60000, moz:useNonSpecCompliantPointerOrigin: false, moz:webdriverClick: true, pageLoadStrategy: normal, platform: WINDOWS, platformName: WINDOWS, platformVersion: 10.0, se:cdp: ws://localhost:62371/devtoo..., se:cdpVersion: 85, setWindowRect: true, strictFileInteractability: false, timeouts: {implicit: 0, pageLoad: 300000, script: 30000}, unhandledPromptBehavior: dismiss and notify}&#10;Element: [[FirefoxDriver: firefox on WINDOWS (35fc842d-364d-456b-8697-5efb65681659)] -&gt; xpath: //span[contains(text(),&apos;My Account&apos;)]]&#10;Session ID: 35fc842d-364d-456b-8697-5efb65681659"/>
    <system-out><![CDATA[[INFO ] 2021-07-10 01:04:48.994 [main] Log - invalid_emailAndPassword_LoginTest3 test is starting.
[INFO ] 2021-07-10 01:04:48.994 [main] Log - go to opencart home page
[INFO ] 2021-07-10 01:04:50.293 [main] Log - go to login page 
[INFO ] 2021-07-10 01:04:50.450 [main] Log - invalid_emailAndPassword_LoginTest3 test is skipped.
]]></system-out>
  </testcase>
  <testcase name="invalid_emailAndPassword_LoginTest3[public void com.tests.LoginTest.invalid_emailAndPassword_LoginTest3(java.lang.reflect.Method)](2)" classname="com.tests.LoginTest" time="1.473">
    <failure message="Element &lt;span class=&quot;hidden-xs hidden-sm hidden-md&quot;&gt; could not be scrolled into view&#10;Build info: version: &apos;4.0.0-beta-4&apos;, revision: &apos;29f46d02dd&apos;&#10;System info: host: &apos;LAPTOP-EM2ICHMI&apos;, ip: &apos;192.168.58.102&apos;, os.name: &apos;Windows 10&apos;, os.arch: &apos;amd64&apos;, os.version: &apos;10.0&apos;, java.version: &apos;1.8.0_281&apos;&#10;Driver info: org.openqa.selenium.firefox.FirefoxDriver&#10;Command: [35fc842d-364d-456b-8697-5efb65681659, clickElement {id=c19a0327-29db-4b76-a832-f11ab4f32716}]&#10;Capabilities {acceptInsecureCerts: true, browserName: firefox, browserVersion: 89.0.1, javascriptEnabled: true, moz:accessibilityChecks: false, moz:buildID: 20210614221319, moz:debuggerAddress: localhost:62371, moz:geckodriverVersion: 0.29.0, moz:headless: false, moz:processID: 16116, moz:profile: C:\Windows\Temp\rust_mozpro..., moz:shutdownTimeout: 60000, moz:useNonSpecCompliantPointerOrigin: false, moz:webdriverClick: true, pageLoadStrategy: normal, platform: WINDOWS, platformName: WINDOWS, platformVersion: 10.0, se:cdp: ws://localhost:62371/devtoo..., se:cdpVersion: 85, setWindowRect: true, strictFileInteractability: false, timeouts: {implicit: 0, pageLoad: 300000, script: 30000}, unhandledPromptBehavior: dismiss and notify}&#10;Element: [[FirefoxDriver: firefox on WINDOWS (35fc842d-364d-456b-8697-5efb65681659)] -&gt; xpath: //span[contains(text(),&apos;My Account&apos;)]]&#10;Session ID: 35fc842d-364d-456b-8697-5efb65681659" type="org.openqa.selenium.ElementNotInteractableException"><![CDATA[org.openqa.selenium.ElementNotInteractableException: 
Element <span class="hidden-xs hidden-sm hidden-md"> could not be scrolled into view
Build info: version: '4.0.0-beta-4', revision: '29f46d02dd'
System info: host: 'LAPTOP-EM2ICHMI', ip: '192.168.58.102', os.name: 'Windows 10', os.arch: 'amd64', os.version: '10.0', java.version: '1.8.0_281'
Driver info: org.openqa.selenium.firefox.FirefoxDriver
Command: [35fc842d-364d-456b-8697-5efb65681659, clickElement {id=c19a0327-29db-4b76-a832-f11ab4f32716}]
Capabilities {acceptInsecureCerts: true, browserName: firefox, browserVersion: 89.0.1, javascriptEnabled: true, moz:accessibilityChecks: false, moz:buildID: 20210614221319, moz:debuggerAddress: localhost:62371, moz:geckodriverVersion: 0.29.0, moz:headless: false, moz:processID: 16116, moz:profile: C:\Windows\Temp\rust_mozpro..., moz:shutdownTimeout: 60000, moz:useNonSpecCompliantPointerOrigin: false, moz:webdriverClick: true, pageLoadStrategy: normal, platform: WINDOWS, platformName: WINDOWS, platformVersion: 10.0, se:cdp: ws://localhost:62371/devtoo..., se:cdpVersion: 85, setWindowRect: true, strictFileInteractability: false, timeouts: {implicit: 0, pageLoad: 300000, script: 30000}, unhandledPromptBehavior: dismiss and notify}
Element: [[FirefoxDriver: firefox on WINDOWS (35fc842d-364d-456b-8697-5efb65681659)] -> xpath: //span[contains(text(),'My Account')]]
Session ID: 35fc842d-364d-456b-8697-5efb65681659
	at com.tests.LoginTest.invalid_emailAndPassword_LoginTest3(LoginTest.java:28)
]]></failure>
    <system-out><![CDATA[[INFO ] 2021-07-10 01:04:50.456 [main] Log - invalid_emailAndPassword_LoginTest3 test is starting.
[INFO ] 2021-07-10 01:04:50.456 [main] Log - go to opencart home page
[INFO ] 2021-07-10 01:04:51.728 [main] Log - go to login page 
[INFO ] 2021-07-10 01:04:51.754 [main] Log - invalid_emailAndPassword_LoginTest3 test is failed.
]]></system-out>
  </testcase>
  <testcase name="valid_emailAndPassword_LoginTest[public void com.tests.LoginTest.valid_emailAndPassword_LoginTest(java.lang.reflect.Method)](1)" classname="com.tests.LoginTest" time="0">
    <skipped message="Element &lt;span class=&quot;hidden-xs hidden-sm hidden-md&quot;&gt; could not be scrolled into view&#10;Build info: version: &apos;4.0.0-beta-4&apos;, revision: &apos;29f46d02dd&apos;&#10;System info: host: &apos;LAPTOP-EM2ICHMI&apos;, ip: &apos;192.168.58.102&apos;, os.name: &apos;Windows 10&apos;, os.arch: &apos;amd64&apos;, os.version: &apos;10.0&apos;, java.version: &apos;1.8.0_281&apos;&#10;Driver info: org.openqa.selenium.firefox.FirefoxDriver&#10;Command: [35fc842d-364d-456b-8697-5efb65681659, clickElement {id=073f7530-d101-400b-a092-e10fee9b064b}]&#10;Capabilities {acceptInsecureCerts: true, browserName: firefox, browserVersion: 89.0.1, javascriptEnabled: true, moz:accessibilityChecks: false, moz:buildID: 20210614221319, moz:debuggerAddress: localhost:62371, moz:geckodriverVersion: 0.29.0, moz:headless: false, moz:processID: 16116, moz:profile: C:\Windows\Temp\rust_mozpro..., moz:shutdownTimeout: 60000, moz:useNonSpecCompliantPointerOrigin: false, moz:webdriverClick: true, pageLoadStrategy: normal, platform: WINDOWS, platformName: WINDOWS, platformVersion: 10.0, se:cdp: ws://localhost:62371/devtoo..., se:cdpVersion: 85, setWindowRect: true, strictFileInteractability: false, timeouts: {implicit: 0, pageLoad: 300000, script: 30000}, unhandledPromptBehavior: dismiss and notify}&#10;Element: [[FirefoxDriver: firefox on WINDOWS (35fc842d-364d-456b-8697-5efb65681659)] -&gt; xpath: //span[contains(text(),&apos;My Account&apos;)]]&#10;Session ID: 35fc842d-364d-456b-8697-5efb65681659"/>
    <system-out><![CDATA[[INFO ] 2021-07-10 01:04:51.931 [main] Log - valid_emailAndPassword_LoginTest test is starting.
[INFO ] 2021-07-10 01:04:51.933 [main] Log - go to opencart home page
[INFO ] 2021-07-10 01:04:53.207 [main] Log - go to login page 
[INFO ] 2021-07-10 01:04:53.399 [main] Log - valid_emailAndPassword_LoginTest test is skipped.
]]></system-out>
  </testcase>
  <testcase name="valid_emailAndPassword_LoginTest[public void com.tests.LoginTest.valid_emailAndPassword_LoginTest(java.lang.reflect.Method)](2)" classname="com.tests.LoginTest" time="1.461">
    <failure message="Element &lt;span class=&quot;hidden-xs hidden-sm hidden-md&quot;&gt; could not be scrolled into view&#10;Build info: version: &apos;4.0.0-beta-4&apos;, revision: &apos;29f46d02dd&apos;&#10;System info: host: &apos;LAPTOP-EM2ICHMI&apos;, ip: &apos;192.168.58.102&apos;, os.name: &apos;Windows 10&apos;, os.arch: &apos;amd64&apos;, os.version: &apos;10.0&apos;, java.version: &apos;1.8.0_281&apos;&#10;Driver info: org.openqa.selenium.firefox.FirefoxDriver&#10;Command: [35fc842d-364d-456b-8697-5efb65681659, clickElement {id=2fb81b74-7123-4862-aacf-38faa53ca446}]&#10;Capabilities {acceptInsecureCerts: true, browserName: firefox, browserVersion: 89.0.1, javascriptEnabled: true, moz:accessibilityChecks: false, moz:buildID: 20210614221319, moz:debuggerAddress: localhost:62371, moz:geckodriverVersion: 0.29.0, moz:headless: false, moz:processID: 16116, moz:profile: C:\Windows\Temp\rust_mozpro..., moz:shutdownTimeout: 60000, moz:useNonSpecCompliantPointerOrigin: false, moz:webdriverClick: true, pageLoadStrategy: normal, platform: WINDOWS, platformName: WINDOWS, platformVersion: 10.0, se:cdp: ws://localhost:62371/devtoo..., se:cdpVersion: 85, setWindowRect: true, strictFileInteractability: false, timeouts: {implicit: 0, pageLoad: 300000, script: 30000}, unhandledPromptBehavior: dismiss and notify}&#10;Element: [[FirefoxDriver: firefox on WINDOWS (35fc842d-364d-456b-8697-5efb65681659)] -&gt; xpath: //span[contains(text(),&apos;My Account&apos;)]]&#10;Session ID: 35fc842d-364d-456b-8697-5efb65681659" type="org.openqa.selenium.ElementNotInteractableException"><![CDATA[org.openqa.selenium.ElementNotInteractableException: 
Element <span class="hidden-xs hidden-sm hidden-md"> could not be scrolled into view
Build info: version: '4.0.0-beta-4', revision: '29f46d02dd'
System info: host: 'LAPTOP-EM2ICHMI', ip: '192.168.58.102', os.name: 'Windows 10', os.arch: 'amd64', os.version: '10.0', java.version: '1.8.0_281'
Driver info: org.openqa.selenium.firefox.FirefoxDriver
Command: [35fc842d-364d-456b-8697-5efb65681659, clickElement {id=2fb81b74-7123-4862-aacf-38faa53ca446}]
Capabilities {acceptInsecureCerts: true, browserName: firefox, browserVersion: 89.0.1, javascriptEnabled: true, moz:accessibilityChecks: false, moz:buildID: 20210614221319, moz:debuggerAddress: localhost:62371, moz:geckodriverVersion: 0.29.0, moz:headless: false, moz:processID: 16116, moz:profile: C:\Windows\Temp\rust_mozpro..., moz:shutdownTimeout: 60000, moz:useNonSpecCompliantPointerOrigin: false, moz:webdriverClick: true, pageLoadStrategy: normal, platform: WINDOWS, platformName: WINDOWS, platformVersion: 10.0, se:cdp: ws://localhost:62371/devtoo..., se:cdpVersion: 85, setWindowRect: true, strictFileInteractability: false, timeouts: {implicit: 0, pageLoad: 300000, script: 30000}, unhandledPromptBehavior: dismiss and notify}
Element: [[FirefoxDriver: firefox on WINDOWS (35fc842d-364d-456b-8697-5efb65681659)] -> xpath: //span[contains(text(),'My Account')]]
Session ID: 35fc842d-364d-456b-8697-5efb65681659
	at com.tests.LoginTest.valid_emailAndPassword_LoginTest(LoginTest.java:34)
]]></failure>
    <system-out><![CDATA[[INFO ] 2021-07-10 01:04:53.406 [main] Log - valid_emailAndPassword_LoginTest test is starting.
[INFO ] 2021-07-10 01:04:53.406 [main] Log - go to opencart home page
[INFO ] 2021-07-10 01:04:54.662 [main] Log - go to login page 
[INFO ] 2021-07-10 01:04:54.687 [main] Log - valid_emailAndPassword_LoginTest test is failed.
]]></system-out>
  </testcase>
</testsuite>