<?xml version="1.0" encoding="UTF-8"?>
<!-- Generated by org.testng.reporters.JUnitXMLReporter -->
<testsuite hostname="LAPTOP-EM2ICHMI" ignored="0" name="POMframeworkWithExtentReportCOPY" tests="9" failures="4" timestamp="2021-07-17T15:59:30 BDT" time="31.232" errors="0">
  <testcase name="invalid_emailAndPassword_LoginTest1" time="6.693" classname="com.tests.LoginTest">
    <skipped/>
  </testcase> <!-- invalid_emailAndPassword_LoginTest1 -->
  <testcase name="invalid_emailAndPassword_LoginTest1" time="1.406" classname="com.tests.LoginTest">
    <failure type="org.openqa.selenium.ElementNotInteractableException" message="Element &amp;lt;span class=&amp;quot;hidden-xs hidden-sm hidden-md&amp;quot;&amp;gt; could not be scrolled into view
Build info: version: &amp;apos;4.0.0-beta-4&amp;apos;, revision: &amp;apos;29f46d02dd&amp;apos;
System info: host: &amp;apos;LAPTOP-EM2ICHMI&amp;apos;, ip: &amp;apos;192.168.58.102&amp;apos;, os.name: &amp;apos;Windows 10&amp;apos;, os.arch: &amp;apos;amd64&amp;apos;, os.version: &amp;apos;10.0&amp;apos;, java.version: &amp;apos;1.8.0_281&amp;apos;
Driver info: org.openqa.selenium.firefox.FirefoxDriver
Command: [734a3996-b1ba-463b-a660-a7d36361be7e, clickElement {id=51814fc3-f4f3-41fc-8b29-7c125816dce3}]
Capabilities {acceptInsecureCerts: true, browserName: firefox, browserVersion: 89.0.1, javascriptEnabled: true, moz:accessibilityChecks: false, moz:buildID: 20210614221319, moz:debuggerAddress: localhost:63699, moz:geckodriverVersion: 0.29.0, moz:headless: false, moz:processID: 6220, moz:profile: C:\Windows\Temp\rust_mozpro..., moz:shutdownTimeout: 60000, moz:useNonSpecCompliantPointerOrigin: false, moz:webdriverClick: true, pageLoadStrategy: normal, platform: WINDOWS, platformName: WINDOWS, platformVersion: 10.0, se:cdp: ws://localhost:63699/devtoo..., se:cdpVersion: 85, setWindowRect: true, strictFileInteractability: false, timeouts: {implicit: 0, pageLoad: 300000, script: 30000}, unhandledPromptBehavior: dismiss and notify}
Element: [[FirefoxDriver: firefox on WINDOWS (734a3996-b1ba-463b-a660-a7d36361be7e)] -&amp;gt; xpath: //span[contains(text(),&amp;apos;My Account&amp;apos;)]]
Session ID: 734a3996-b1ba-463b-a660-a7d36361be7e">
      <![CDATA[org.openqa.selenium.ElementNotInteractableException: Element <span class="hidden-xs hidden-sm hidden-md"> could not be scrolled into view
Build info: version: '4.0.0-beta-4', revision: '29f46d02dd'
System info: host: 'LAPTOP-EM2ICHMI', ip: '192.168.58.102', os.name: 'Windows 10', os.arch: 'amd64', os.version: '10.0', java.version: '1.8.0_281'
Driver info: org.openqa.selenium.firefox.FirefoxDriver
Command: [734a3996-b1ba-463b-a660-a7d36361be7e, clickElement {id=51814fc3-f4f3-41fc-8b29-7c125816dce3}]
Capabilities {acceptInsecureCerts: true, browserName: firefox, browserVersion: 89.0.1, javascriptEnabled: true, moz:accessibilityChecks: false, moz:buildID: 20210614221319, moz:debuggerAddress: localhost:63699, moz:geckodriverVersion: 0.29.0, moz:headless: false, moz:processID: 6220, moz:profile: C:\Windows\Temp\rust_mozpro..., moz:shutdownTimeout: 60000, moz:useNonSpecCompliantPointerOrigin: false, moz:webdriverClick: true, pageLoadStrategy: normal, platform: WINDOWS, platformName: WINDOWS, platformVersion: 10.0, se:cdp: ws://localhost:63699/devtoo..., se:cdpVersion: 85, setWindowRect: true, strictFileInteractability: false, timeouts: {implicit: 0, pageLoad: 300000, script: 30000}, unhandledPromptBehavior: dismiss and notify}
Element: [[FirefoxDriver: firefox on WINDOWS (734a3996-b1ba-463b-a660-a7d36361be7e)] -> xpath: //span[contains(text(),'My Account')]]
Session ID: 734a3996-b1ba-463b-a660-a7d36361be7e
at org.openqa.selenium.remote.codec.w3c.W3CHttpResponseCodec.createException(W3CHttpResponseCodec.java:200)
at org.openqa.selenium.remote.codec.w3c.W3CHttpResponseCodec.decode(W3CHttpResponseCodec.java:133)
at org.openqa.selenium.remote.codec.w3c.W3CHttpResponseCodec.decode(W3CHttpResponseCodec.java:53)
at org.openqa.selenium.remote.HttpCommandExecutor.execute(HttpCommandExecutor.java:184)
at org.openqa.selenium.remote.service.DriverCommandExecutor.invokeExecute(DriverCommandExecutor.java:162)
at org.openqa.selenium.remote.service.DriverCommandExecutor.execute(DriverCommandExecutor.java:137)
at org.openqa.selenium.remote.RemoteWebDriver.execute(RemoteWebDriver.java:612)
at org.openqa.selenium.remote.RemoteWebElement.execute(RemoteWebElement.java:235)
at org.openqa.selenium.remote.RemoteWebElement.click(RemoteWebElement.java:73)
at com.pages.HomePage.goToLoginPage(HomePage.java:35)
at com.tests.LoginTest.invalid_emailAndPassword_LoginTest1(LoginTest.java:14)
at java.util.ArrayList.forEach(ArrayList.java:1259)
... Removed 35 stack frames]]>
    </failure>
  </testcase> <!-- invalid_emailAndPassword_LoginTest1 -->
  <testcase name="testPrint" time="0.01" classname="com.tests.BaseTest"/>
  <testcase name="invalid_emailAndPassword_LoginTest2" time="1.336" classname="com.tests.LoginTest">
    <skipped/>
  </testcase> <!-- invalid_emailAndPassword_LoginTest2 -->
  <testcase name="invalid_emailAndPassword_LoginTest2" time="1.327" classname="com.tests.LoginTest">
    <failure type="org.openqa.selenium.ElementNotInteractableException" message="Element &amp;lt;span class=&amp;quot;hidden-xs hidden-sm hidden-md&amp;quot;&amp;gt; could not be scrolled into view
Build info: version: &amp;apos;4.0.0-beta-4&amp;apos;, revision: &amp;apos;29f46d02dd&amp;apos;
System info: host: &amp;apos;LAPTOP-EM2ICHMI&amp;apos;, ip: &amp;apos;192.168.58.102&amp;apos;, os.name: &amp;apos;Windows 10&amp;apos;, os.arch: &amp;apos;amd64&amp;apos;, os.version: &amp;apos;10.0&amp;apos;, java.version: &amp;apos;1.8.0_281&amp;apos;
Driver info: org.openqa.selenium.firefox.FirefoxDriver
Command: [734a3996-b1ba-463b-a660-a7d36361be7e, clickElement {id=e09d9ead-16d2-40ac-bc2e-399c005500bf}]
Capabilities {acceptInsecureCerts: true, browserName: firefox, browserVersion: 89.0.1, javascriptEnabled: true, moz:accessibilityChecks: false, moz:buildID: 20210614221319, moz:debuggerAddress: localhost:63699, moz:geckodriverVersion: 0.29.0, moz:headless: false, moz:processID: 6220, moz:profile: C:\Windows\Temp\rust_mozpro..., moz:shutdownTimeout: 60000, moz:useNonSpecCompliantPointerOrigin: false, moz:webdriverClick: true, pageLoadStrategy: normal, platform: WINDOWS, platformName: WINDOWS, platformVersion: 10.0, se:cdp: ws://localhost:63699/devtoo..., se:cdpVersion: 85, setWindowRect: true, strictFileInteractability: false, timeouts: {implicit: 0, pageLoad: 300000, script: 30000}, unhandledPromptBehavior: dismiss and notify}
Element: [[FirefoxDriver: firefox on WINDOWS (734a3996-b1ba-463b-a660-a7d36361be7e)] -&amp;gt; xpath: //span[contains(text(),&amp;apos;My Account&amp;apos;)]]
Session ID: 734a3996-b1ba-463b-a660-a7d36361be7e">
      <![CDATA[org.openqa.selenium.ElementNotInteractableException: Element <span class="hidden-xs hidden-sm hidden-md"> could not be scrolled into view
Build info: version: '4.0.0-beta-4', revision: '29f46d02dd'
System info: host: 'LAPTOP-EM2ICHMI', ip: '192.168.58.102', os.name: 'Windows 10', os.arch: 'amd64', os.version: '10.0', java.version: '1.8.0_281'
Driver info: org.openqa.selenium.firefox.FirefoxDriver
Command: [734a3996-b1ba-463b-a660-a7d36361be7e, clickElement {id=e09d9ead-16d2-40ac-bc2e-399c005500bf}]
Capabilities {acceptInsecureCerts: true, browserName: firefox, browserVersion: 89.0.1, javascriptEnabled: true, moz:accessibilityChecks: false, moz:buildID: 20210614221319, moz:debuggerAddress: localhost:63699, moz:geckodriverVersion: 0.29.0, moz:headless: false, moz:processID: 6220, moz:profile: C:\Windows\Temp\rust_mozpro..., moz:shutdownTimeout: 60000, moz:useNonSpecCompliantPointerOrigin: false, moz:webdriverClick: true, pageLoadStrategy: normal, platform: WINDOWS, platformName: WINDOWS, platformVersion: 10.0, se:cdp: ws://localhost:63699/devtoo..., se:cdpVersion: 85, setWindowRect: true, strictFileInteractability: false, timeouts: {implicit: 0, pageLoad: 300000, script: 30000}, unhandledPromptBehavior: dismiss and notify}
Element: [[FirefoxDriver: firefox on WINDOWS (734a3996-b1ba-463b-a660-a7d36361be7e)] -> xpath: //span[contains(text(),'My Account')]]
Session ID: 734a3996-b1ba-463b-a660-a7d36361be7e
at org.openqa.selenium.remote.codec.w3c.W3CHttpResponseCodec.createException(W3CHttpResponseCodec.java:200)
at org.openqa.selenium.remote.codec.w3c.W3CHttpResponseCodec.decode(W3CHttpResponseCodec.java:133)
at org.openqa.selenium.remote.codec.w3c.W3CHttpResponseCodec.decode(W3CHttpResponseCodec.java:53)
at org.openqa.selenium.remote.HttpCommandExecutor.execute(HttpCommandExecutor.java:184)
at org.openqa.selenium.remote.service.DriverCommandExecutor.invokeExecute(DriverCommandExecutor.java:162)
at org.openqa.selenium.remote.service.DriverCommandExecutor.execute(DriverCommandExecutor.java:137)
at org.openqa.selenium.remote.RemoteWebDriver.execute(RemoteWebDriver.java:612)
at org.openqa.selenium.remote.RemoteWebElement.execute(RemoteWebElement.java:235)
at org.openqa.selenium.remote.RemoteWebElement.click(RemoteWebElement.java:73)
at com.pages.HomePage.goToLoginPage(HomePage.java:35)
at com.tests.LoginTest.invalid_emailAndPassword_LoginTest2(LoginTest.java:21)
at java.util.ArrayList.forEach(ArrayList.java:1259)
... Removed 35 stack frames]]>
    </failure>
  </testcase> <!-- invalid_emailAndPassword_LoginTest2 -->
  <testcase name="invalid_emailAndPassword_LoginTest3" time="1.332" classname="com.tests.LoginTest">
    <skipped/>
  </testcase> <!-- invalid_emailAndPassword_LoginTest3 -->
  <testcase name="invalid_emailAndPassword_LoginTest3" time="1.275" classname="com.tests.LoginTest">
    <failure type="org.openqa.selenium.ElementNotInteractableException" message="Element &amp;lt;span class=&amp;quot;hidden-xs hidden-sm hidden-md&amp;quot;&amp;gt; could not be scrolled into view
Build info: version: &amp;apos;4.0.0-beta-4&amp;apos;, revision: &amp;apos;29f46d02dd&amp;apos;
System info: host: &amp;apos;LAPTOP-EM2ICHMI&amp;apos;, ip: &amp;apos;192.168.58.102&amp;apos;, os.name: &amp;apos;Windows 10&amp;apos;, os.arch: &amp;apos;amd64&amp;apos;, os.version: &amp;apos;10.0&amp;apos;, java.version: &amp;apos;1.8.0_281&amp;apos;
Driver info: org.openqa.selenium.firefox.FirefoxDriver
Command: [734a3996-b1ba-463b-a660-a7d36361be7e, clickElement {id=def22e21-0aa2-4c89-86ba-8da6829c022c}]
Capabilities {acceptInsecureCerts: true, browserName: firefox, browserVersion: 89.0.1, javascriptEnabled: true, moz:accessibilityChecks: false, moz:buildID: 20210614221319, moz:debuggerAddress: localhost:63699, moz:geckodriverVersion: 0.29.0, moz:headless: false, moz:processID: 6220, moz:profile: C:\Windows\Temp\rust_mozpro..., moz:shutdownTimeout: 60000, moz:useNonSpecCompliantPointerOrigin: false, moz:webdriverClick: true, pageLoadStrategy: normal, platform: WINDOWS, platformName: WINDOWS, platformVersion: 10.0, se:cdp: ws://localhost:63699/devtoo..., se:cdpVersion: 85, setWindowRect: true, strictFileInteractability: false, timeouts: {implicit: 0, pageLoad: 300000, script: 30000}, unhandledPromptBehavior: dismiss and notify}
Element: [[FirefoxDriver: firefox on WINDOWS (734a3996-b1ba-463b-a660-a7d36361be7e)] -&amp;gt; xpath: //span[contains(text(),&amp;apos;My Account&amp;apos;)]]
Session ID: 734a3996-b1ba-463b-a660-a7d36361be7e">
      <![CDATA[org.openqa.selenium.ElementNotInteractableException: Element <span class="hidden-xs hidden-sm hidden-md"> could not be scrolled into view
Build info: version: '4.0.0-beta-4', revision: '29f46d02dd'
System info: host: 'LAPTOP-EM2ICHMI', ip: '192.168.58.102', os.name: 'Windows 10', os.arch: 'amd64', os.version: '10.0', java.version: '1.8.0_281'
Driver info: org.openqa.selenium.firefox.FirefoxDriver
Command: [734a3996-b1ba-463b-a660-a7d36361be7e, clickElement {id=def22e21-0aa2-4c89-86ba-8da6829c022c}]
Capabilities {acceptInsecureCerts: true, browserName: firefox, browserVersion: 89.0.1, javascriptEnabled: true, moz:accessibilityChecks: false, moz:buildID: 20210614221319, moz:debuggerAddress: localhost:63699, moz:geckodriverVersion: 0.29.0, moz:headless: false, moz:processID: 6220, moz:profile: C:\Windows\Temp\rust_mozpro..., moz:shutdownTimeout: 60000, moz:useNonSpecCompliantPointerOrigin: false, moz:webdriverClick: true, pageLoadStrategy: normal, platform: WINDOWS, platformName: WINDOWS, platformVersion: 10.0, se:cdp: ws://localhost:63699/devtoo..., se:cdpVersion: 85, setWindowRect: true, strictFileInteractability: false, timeouts: {implicit: 0, pageLoad: 300000, script: 30000}, unhandledPromptBehavior: dismiss and notify}
Element: [[FirefoxDriver: firefox on WINDOWS (734a3996-b1ba-463b-a660-a7d36361be7e)] -> xpath: //span[contains(text(),'My Account')]]
Session ID: 734a3996-b1ba-463b-a660-a7d36361be7e
at org.openqa.selenium.remote.codec.w3c.W3CHttpResponseCodec.createException(W3CHttpResponseCodec.java:200)
at org.openqa.selenium.remote.codec.w3c.W3CHttpResponseCodec.decode(W3CHttpResponseCodec.java:133)
at org.openqa.selenium.remote.codec.w3c.W3CHttpResponseCodec.decode(W3CHttpResponseCodec.java:53)
at org.openqa.selenium.remote.HttpCommandExecutor.execute(HttpCommandExecutor.java:184)
at org.openqa.selenium.remote.service.DriverCommandExecutor.invokeExecute(DriverCommandExecutor.java:162)
at org.openqa.selenium.remote.service.DriverCommandExecutor.execute(DriverCommandExecutor.java:137)
at org.openqa.selenium.remote.RemoteWebDriver.execute(RemoteWebDriver.java:612)
at org.openqa.selenium.remote.RemoteWebElement.execute(RemoteWebElement.java:235)
at org.openqa.selenium.remote.RemoteWebElement.click(RemoteWebElement.java:73)
at com.pages.HomePage.goToLoginPage(HomePage.java:35)
at com.tests.LoginTest.invalid_emailAndPassword_LoginTest3(LoginTest.java:28)
at java.util.ArrayList.forEach(ArrayList.java:1259)
... Removed 35 stack frames]]>
    </failure>
  </testcase> <!-- invalid_emailAndPassword_LoginTest3 -->
  <testcase name="valid_emailAndPassword_LoginTest" time="1.377" classname="com.tests.LoginTest">
    <skipped/>
  </testcase> <!-- valid_emailAndPassword_LoginTest -->
  <testcase name="valid_emailAndPassword_LoginTest" time="1.297" classname="com.tests.LoginTest">
    <failure type="org.openqa.selenium.ElementNotInteractableException" message="Element &amp;lt;span class=&amp;quot;hidden-xs hidden-sm hidden-md&amp;quot;&amp;gt; could not be scrolled into view
Build info: version: &amp;apos;4.0.0-beta-4&amp;apos;, revision: &amp;apos;29f46d02dd&amp;apos;
System info: host: &amp;apos;LAPTOP-EM2ICHMI&amp;apos;, ip: &amp;apos;192.168.58.102&amp;apos;, os.name: &amp;apos;Windows 10&amp;apos;, os.arch: &amp;apos;amd64&amp;apos;, os.version: &amp;apos;10.0&amp;apos;, java.version: &amp;apos;1.8.0_281&amp;apos;
Driver info: org.openqa.selenium.firefox.FirefoxDriver
Command: [734a3996-b1ba-463b-a660-a7d36361be7e, clickElement {id=dc535720-ae6d-46ef-bd4b-b3e7458006af}]
Capabilities {acceptInsecureCerts: true, browserName: firefox, browserVersion: 89.0.1, javascriptEnabled: true, moz:accessibilityChecks: false, moz:buildID: 20210614221319, moz:debuggerAddress: localhost:63699, moz:geckodriverVersion: 0.29.0, moz:headless: false, moz:processID: 6220, moz:profile: C:\Windows\Temp\rust_mozpro..., moz:shutdownTimeout: 60000, moz:useNonSpecCompliantPointerOrigin: false, moz:webdriverClick: true, pageLoadStrategy: normal, platform: WINDOWS, platformName: WINDOWS, platformVersion: 10.0, se:cdp: ws://localhost:63699/devtoo..., se:cdpVersion: 85, setWindowRect: true, strictFileInteractability: false, timeouts: {implicit: 0, pageLoad: 300000, script: 30000}, unhandledPromptBehavior: dismiss and notify}
Element: [[FirefoxDriver: firefox on WINDOWS (734a3996-b1ba-463b-a660-a7d36361be7e)] -&amp;gt; xpath: //span[contains(text(),&amp;apos;My Account&amp;apos;)]]
Session ID: 734a3996-b1ba-463b-a660-a7d36361be7e">
      <![CDATA[org.openqa.selenium.ElementNotInteractableException: Element <span class="hidden-xs hidden-sm hidden-md"> could not be scrolled into view
Build info: version: '4.0.0-beta-4', revision: '29f46d02dd'
System info: host: 'LAPTOP-EM2ICHMI', ip: '192.168.58.102', os.name: 'Windows 10', os.arch: 'amd64', os.version: '10.0', java.version: '1.8.0_281'
Driver info: org.openqa.selenium.firefox.FirefoxDriver
Command: [734a3996-b1ba-463b-a660-a7d36361be7e, clickElement {id=dc535720-ae6d-46ef-bd4b-b3e7458006af}]
Capabilities {acceptInsecureCerts: true, browserName: firefox, browserVersion: 89.0.1, javascriptEnabled: true, moz:accessibilityChecks: false, moz:buildID: 20210614221319, moz:debuggerAddress: localhost:63699, moz:geckodriverVersion: 0.29.0, moz:headless: false, moz:processID: 6220, moz:profile: C:\Windows\Temp\rust_mozpro..., moz:shutdownTimeout: 60000, moz:useNonSpecCompliantPointerOrigin: false, moz:webdriverClick: true, pageLoadStrategy: normal, platform: WINDOWS, platformName: WINDOWS, platformVersion: 10.0, se:cdp: ws://localhost:63699/devtoo..., se:cdpVersion: 85, setWindowRect: true, strictFileInteractability: false, timeouts: {implicit: 0, pageLoad: 300000, script: 30000}, unhandledPromptBehavior: dismiss and notify}
Element: [[FirefoxDriver: firefox on WINDOWS (734a3996-b1ba-463b-a660-a7d36361be7e)] -> xpath: //span[contains(text(),'My Account')]]
Session ID: 734a3996-b1ba-463b-a660-a7d36361be7e
at org.openqa.selenium.remote.codec.w3c.W3CHttpResponseCodec.createException(W3CHttpResponseCodec.java:200)
at org.openqa.selenium.remote.codec.w3c.W3CHttpResponseCodec.decode(W3CHttpResponseCodec.java:133)
at org.openqa.selenium.remote.codec.w3c.W3CHttpResponseCodec.decode(W3CHttpResponseCodec.java:53)
at org.openqa.selenium.remote.HttpCommandExecutor.execute(HttpCommandExecutor.java:184)
at org.openqa.selenium.remote.service.DriverCommandExecutor.invokeExecute(DriverCommandExecutor.java:162)
at org.openqa.selenium.remote.service.DriverCommandExecutor.execute(DriverCommandExecutor.java:137)
at org.openqa.selenium.remote.RemoteWebDriver.execute(RemoteWebDriver.java:612)
at org.openqa.selenium.remote.RemoteWebElement.execute(RemoteWebElement.java:235)
at org.openqa.selenium.remote.RemoteWebElement.click(RemoteWebElement.java:73)
at com.pages.HomePage.goToLoginPage(HomePage.java:35)
at com.tests.LoginTest.valid_emailAndPassword_LoginTest(LoginTest.java:34)
at java.util.ArrayList.forEach(ArrayList.java:1259)
... Removed 35 stack frames]]>
    </failure>
  </testcase> <!-- valid_emailAndPassword_LoginTest -->
</testsuite> <!-- POMframeworkWithExtentReportCOPY -->
